ARM GAS  /tmp/cc1uHzUf.s 			page 1


   1              		.cpu cortex-m4
   2              		.arch armv7e-m
   3              		.fpu fpv4-sp-d16
   4              		.eabi_attribute 27, 1
   5              		.eabi_attribute 28, 1
   6              		.eabi_attribute 20, 1
   7              		.eabi_attribute 21, 1
   8              		.eabi_attribute 23, 3
   9              		.eabi_attribute 24, 1
  10              		.eabi_attribute 25, 1
  11              		.eabi_attribute 26, 1
  12              		.eabi_attribute 30, 1
  13              		.eabi_attribute 34, 1
  14              		.eabi_attribute 18, 4
  15              		.file	"adc.c"
  16              		.text
  17              	.Ltext0:
  18              		.cfi_sections	.debug_frame
  19              		.section	.text.MX_ADC1_Init,"ax",%progbits
  20              		.align	1
  21              		.global	MX_ADC1_Init
  22              		.syntax unified
  23              		.thumb
  24              		.thumb_func
  26              	MX_ADC1_Init:
  27              	.LFB235:
  28              		.file 1 "Core/Src/adc.c"
   1:Core/Src/adc.c **** /* USER CODE BEGIN Header */
   2:Core/Src/adc.c **** /**
   3:Core/Src/adc.c ****   ******************************************************************************
   4:Core/Src/adc.c ****   * @file    adc.c
   5:Core/Src/adc.c ****   * @brief   This file provides code for the configuration
   6:Core/Src/adc.c ****   *          of the ADC instances.
   7:Core/Src/adc.c ****   ******************************************************************************
   8:Core/Src/adc.c ****   * @attention
   9:Core/Src/adc.c ****   *
  10:Core/Src/adc.c ****   * Copyright (c) 2024 STMicroelectronics.
  11:Core/Src/adc.c ****   * All rights reserved.
  12:Core/Src/adc.c ****   *
  13:Core/Src/adc.c ****   * This software is licensed under terms that can be found in the LICENSE file
  14:Core/Src/adc.c ****   * in the root directory of this software component.
  15:Core/Src/adc.c ****   * If no LICENSE file comes with this software, it is provided AS-IS.
  16:Core/Src/adc.c ****   *
  17:Core/Src/adc.c ****   ******************************************************************************
  18:Core/Src/adc.c ****   */
  19:Core/Src/adc.c **** /* USER CODE END Header */
  20:Core/Src/adc.c **** /* Includes ------------------------------------------------------------------*/
  21:Core/Src/adc.c **** #include "adc.h"
  22:Core/Src/adc.c **** 
  23:Core/Src/adc.c **** /* USER CODE BEGIN 0 */
  24:Core/Src/adc.c **** 
  25:Core/Src/adc.c **** /* USER CODE END 0 */
  26:Core/Src/adc.c **** 
  27:Core/Src/adc.c **** ADC_HandleTypeDef hadc1;
  28:Core/Src/adc.c **** ADC_HandleTypeDef hadc2;
  29:Core/Src/adc.c **** ADC_HandleTypeDef hadc3;
  30:Core/Src/adc.c **** 
ARM GAS  /tmp/cc1uHzUf.s 			page 2


  31:Core/Src/adc.c **** /* ADC1 init function */
  32:Core/Src/adc.c **** void MX_ADC1_Init(void)
  33:Core/Src/adc.c **** {
  29              		.loc 1 33 1 view -0
  30              		.cfi_startproc
  31              		@ args = 0, pretend = 0, frame = 16
  32              		@ frame_needed = 0, uses_anonymous_args = 0
  33 0000 00B5     		push	{lr}
  34              	.LCFI0:
  35              		.cfi_def_cfa_offset 4
  36              		.cfi_offset 14, -4
  37 0002 85B0     		sub	sp, sp, #20
  38              	.LCFI1:
  39              		.cfi_def_cfa_offset 24
  34:Core/Src/adc.c **** 
  35:Core/Src/adc.c ****   /* USER CODE BEGIN ADC1_Init 0 */
  36:Core/Src/adc.c **** 
  37:Core/Src/adc.c ****   /* USER CODE END ADC1_Init 0 */
  38:Core/Src/adc.c **** 
  39:Core/Src/adc.c ****   ADC_ChannelConfTypeDef sConfig = {0};
  40              		.loc 1 39 3 view .LVU1
  41              		.loc 1 39 26 is_stmt 0 view .LVU2
  42 0004 0023     		movs	r3, #0
  43 0006 0093     		str	r3, [sp]
  44 0008 0193     		str	r3, [sp, #4]
  45 000a 0293     		str	r3, [sp, #8]
  46 000c 0393     		str	r3, [sp, #12]
  40:Core/Src/adc.c **** 
  41:Core/Src/adc.c ****   /* USER CODE BEGIN ADC1_Init 1 */
  42:Core/Src/adc.c **** 
  43:Core/Src/adc.c ****   /* USER CODE END ADC1_Init 1 */
  44:Core/Src/adc.c **** 
  45:Core/Src/adc.c ****   /** Configure the global features of the ADC (Clock, Resolution, Data Alignment and number of con
  46:Core/Src/adc.c ****   */
  47:Core/Src/adc.c ****   hadc1.Instance = ADC1;
  47              		.loc 1 47 3 is_stmt 1 view .LVU3
  48              		.loc 1 47 18 is_stmt 0 view .LVU4
  49 000e 1548     		ldr	r0, .L7
  50 0010 154A     		ldr	r2, .L7+4
  51 0012 0260     		str	r2, [r0]
  48:Core/Src/adc.c ****   hadc1.Init.ClockPrescaler = ADC_CLOCK_SYNC_PCLK_DIV4;
  52              		.loc 1 48 3 is_stmt 1 view .LVU5
  53              		.loc 1 48 29 is_stmt 0 view .LVU6
  54 0014 4FF48032 		mov	r2, #65536
  55 0018 4260     		str	r2, [r0, #4]
  49:Core/Src/adc.c ****   hadc1.Init.Resolution = ADC_RESOLUTION_12B;
  56              		.loc 1 49 3 is_stmt 1 view .LVU7
  57              		.loc 1 49 25 is_stmt 0 view .LVU8
  58 001a 8360     		str	r3, [r0, #8]
  50:Core/Src/adc.c ****   hadc1.Init.ScanConvMode = DISABLE;
  59              		.loc 1 50 3 is_stmt 1 view .LVU9
  60              		.loc 1 50 27 is_stmt 0 view .LVU10
  61 001c 0361     		str	r3, [r0, #16]
  51:Core/Src/adc.c ****   hadc1.Init.ContinuousConvMode = DISABLE;
  62              		.loc 1 51 3 is_stmt 1 view .LVU11
  63              		.loc 1 51 33 is_stmt 0 view .LVU12
  64 001e 0376     		strb	r3, [r0, #24]
ARM GAS  /tmp/cc1uHzUf.s 			page 3


  52:Core/Src/adc.c ****   hadc1.Init.DiscontinuousConvMode = DISABLE;
  65              		.loc 1 52 3 is_stmt 1 view .LVU13
  66              		.loc 1 52 36 is_stmt 0 view .LVU14
  67 0020 80F82030 		strb	r3, [r0, #32]
  53:Core/Src/adc.c ****   hadc1.Init.ExternalTrigConvEdge = ADC_EXTERNALTRIGCONVEDGE_NONE;
  68              		.loc 1 53 3 is_stmt 1 view .LVU15
  69              		.loc 1 53 35 is_stmt 0 view .LVU16
  70 0024 C362     		str	r3, [r0, #44]
  54:Core/Src/adc.c ****   hadc1.Init.ExternalTrigConv = ADC_SOFTWARE_START;
  71              		.loc 1 54 3 is_stmt 1 view .LVU17
  72              		.loc 1 54 31 is_stmt 0 view .LVU18
  73 0026 114A     		ldr	r2, .L7+8
  74 0028 8262     		str	r2, [r0, #40]
  55:Core/Src/adc.c ****   hadc1.Init.DataAlign = ADC_DATAALIGN_RIGHT;
  75              		.loc 1 55 3 is_stmt 1 view .LVU19
  76              		.loc 1 55 24 is_stmt 0 view .LVU20
  77 002a C360     		str	r3, [r0, #12]
  56:Core/Src/adc.c ****   hadc1.Init.NbrOfConversion = 1;
  78              		.loc 1 56 3 is_stmt 1 view .LVU21
  79              		.loc 1 56 30 is_stmt 0 view .LVU22
  80 002c 0122     		movs	r2, #1
  81 002e C261     		str	r2, [r0, #28]
  57:Core/Src/adc.c ****   hadc1.Init.DMAContinuousRequests = DISABLE;
  82              		.loc 1 57 3 is_stmt 1 view .LVU23
  83              		.loc 1 57 36 is_stmt 0 view .LVU24
  84 0030 80F83030 		strb	r3, [r0, #48]
  58:Core/Src/adc.c ****   hadc1.Init.EOCSelection = ADC_EOC_SINGLE_CONV;
  85              		.loc 1 58 3 is_stmt 1 view .LVU25
  86              		.loc 1 58 27 is_stmt 0 view .LVU26
  87 0034 4261     		str	r2, [r0, #20]
  59:Core/Src/adc.c ****   if (HAL_ADC_Init(&hadc1) != HAL_OK)
  88              		.loc 1 59 3 is_stmt 1 view .LVU27
  89              		.loc 1 59 7 is_stmt 0 view .LVU28
  90 0036 FFF7FEFF 		bl	HAL_ADC_Init
  91              	.LVL0:
  92              		.loc 1 59 6 view .LVU29
  93 003a 68B9     		cbnz	r0, .L5
  94              	.L2:
  60:Core/Src/adc.c ****   {
  61:Core/Src/adc.c ****     Error_Handler();
  62:Core/Src/adc.c ****   }
  63:Core/Src/adc.c **** 
  64:Core/Src/adc.c ****   /** Configure for the selected ADC regular channel its corresponding rank in the sequencer and it
  65:Core/Src/adc.c ****   */
  66:Core/Src/adc.c ****   sConfig.Channel = ADC_CHANNEL_8;
  95              		.loc 1 66 3 is_stmt 1 view .LVU30
  96              		.loc 1 66 19 is_stmt 0 view .LVU31
  97 003c 0823     		movs	r3, #8
  98 003e 0093     		str	r3, [sp]
  67:Core/Src/adc.c ****   sConfig.Rank = 1;
  99              		.loc 1 67 3 is_stmt 1 view .LVU32
 100              		.loc 1 67 16 is_stmt 0 view .LVU33
 101 0040 0123     		movs	r3, #1
 102 0042 0193     		str	r3, [sp, #4]
  68:Core/Src/adc.c ****   sConfig.SamplingTime = ADC_SAMPLETIME_3CYCLES;
 103              		.loc 1 68 3 is_stmt 1 view .LVU34
 104              		.loc 1 68 24 is_stmt 0 view .LVU35
ARM GAS  /tmp/cc1uHzUf.s 			page 4


 105 0044 0023     		movs	r3, #0
 106 0046 0293     		str	r3, [sp, #8]
  69:Core/Src/adc.c ****   if (HAL_ADC_ConfigChannel(&hadc1, &sConfig) != HAL_OK)
 107              		.loc 1 69 3 is_stmt 1 view .LVU36
 108              		.loc 1 69 7 is_stmt 0 view .LVU37
 109 0048 6946     		mov	r1, sp
 110 004a 0648     		ldr	r0, .L7
 111 004c FFF7FEFF 		bl	HAL_ADC_ConfigChannel
 112              	.LVL1:
 113              		.loc 1 69 6 view .LVU38
 114 0050 28B9     		cbnz	r0, .L6
 115              	.L1:
  70:Core/Src/adc.c ****   {
  71:Core/Src/adc.c ****     Error_Handler();
  72:Core/Src/adc.c ****   }
  73:Core/Src/adc.c ****   /* USER CODE BEGIN ADC1_Init 2 */
  74:Core/Src/adc.c **** 
  75:Core/Src/adc.c ****   /* USER CODE END ADC1_Init 2 */
  76:Core/Src/adc.c **** 
  77:Core/Src/adc.c **** }
 116              		.loc 1 77 1 view .LVU39
 117 0052 05B0     		add	sp, sp, #20
 118              	.LCFI2:
 119              		.cfi_remember_state
 120              		.cfi_def_cfa_offset 4
 121              		@ sp needed
 122 0054 5DF804FB 		ldr	pc, [sp], #4
 123              	.L5:
 124              	.LCFI3:
 125              		.cfi_restore_state
  61:Core/Src/adc.c ****   }
 126              		.loc 1 61 5 is_stmt 1 view .LVU40
 127 0058 FFF7FEFF 		bl	Error_Handler
 128              	.LVL2:
 129 005c EEE7     		b	.L2
 130              	.L6:
  71:Core/Src/adc.c ****   }
 131              		.loc 1 71 5 view .LVU41
 132 005e FFF7FEFF 		bl	Error_Handler
 133              	.LVL3:
 134              		.loc 1 77 1 is_stmt 0 view .LVU42
 135 0062 F6E7     		b	.L1
 136              	.L8:
 137              		.align	2
 138              	.L7:
 139 0064 00000000 		.word	.LANCHOR0
 140 0068 00200140 		.word	1073815552
 141 006c 0100000F 		.word	251658241
 142              		.cfi_endproc
 143              	.LFE235:
 145              		.section	.text.MX_ADC2_Init,"ax",%progbits
 146              		.align	1
 147              		.global	MX_ADC2_Init
 148              		.syntax unified
 149              		.thumb
 150              		.thumb_func
 152              	MX_ADC2_Init:
ARM GAS  /tmp/cc1uHzUf.s 			page 5


 153              	.LFB236:
  78:Core/Src/adc.c **** /* ADC2 init function */
  79:Core/Src/adc.c **** void MX_ADC2_Init(void)
  80:Core/Src/adc.c **** {
 154              		.loc 1 80 1 is_stmt 1 view -0
 155              		.cfi_startproc
 156              		@ args = 0, pretend = 0, frame = 16
 157              		@ frame_needed = 0, uses_anonymous_args = 0
 158 0000 00B5     		push	{lr}
 159              	.LCFI4:
 160              		.cfi_def_cfa_offset 4
 161              		.cfi_offset 14, -4
 162 0002 85B0     		sub	sp, sp, #20
 163              	.LCFI5:
 164              		.cfi_def_cfa_offset 24
  81:Core/Src/adc.c **** 
  82:Core/Src/adc.c ****   /* USER CODE BEGIN ADC2_Init 0 */
  83:Core/Src/adc.c **** 
  84:Core/Src/adc.c ****   /* USER CODE END ADC2_Init 0 */
  85:Core/Src/adc.c **** 
  86:Core/Src/adc.c ****   ADC_ChannelConfTypeDef sConfig = {0};
 165              		.loc 1 86 3 view .LVU44
 166              		.loc 1 86 26 is_stmt 0 view .LVU45
 167 0004 0023     		movs	r3, #0
 168 0006 0093     		str	r3, [sp]
 169 0008 0193     		str	r3, [sp, #4]
 170 000a 0293     		str	r3, [sp, #8]
 171 000c 0393     		str	r3, [sp, #12]
  87:Core/Src/adc.c **** 
  88:Core/Src/adc.c ****   /* USER CODE BEGIN ADC2_Init 1 */
  89:Core/Src/adc.c **** 
  90:Core/Src/adc.c ****   /* USER CODE END ADC2_Init 1 */
  91:Core/Src/adc.c **** 
  92:Core/Src/adc.c ****   /** Configure the global features of the ADC (Clock, Resolution, Data Alignment and number of con
  93:Core/Src/adc.c ****   */
  94:Core/Src/adc.c ****   hadc2.Instance = ADC2;
 172              		.loc 1 94 3 is_stmt 1 view .LVU46
 173              		.loc 1 94 18 is_stmt 0 view .LVU47
 174 000e 1548     		ldr	r0, .L15
 175 0010 154A     		ldr	r2, .L15+4
 176 0012 0260     		str	r2, [r0]
  95:Core/Src/adc.c ****   hadc2.Init.ClockPrescaler = ADC_CLOCK_SYNC_PCLK_DIV4;
 177              		.loc 1 95 3 is_stmt 1 view .LVU48
 178              		.loc 1 95 29 is_stmt 0 view .LVU49
 179 0014 4FF48032 		mov	r2, #65536
 180 0018 4260     		str	r2, [r0, #4]
  96:Core/Src/adc.c ****   hadc2.Init.Resolution = ADC_RESOLUTION_12B;
 181              		.loc 1 96 3 is_stmt 1 view .LVU50
 182              		.loc 1 96 25 is_stmt 0 view .LVU51
 183 001a 8360     		str	r3, [r0, #8]
  97:Core/Src/adc.c ****   hadc2.Init.ScanConvMode = DISABLE;
 184              		.loc 1 97 3 is_stmt 1 view .LVU52
 185              		.loc 1 97 27 is_stmt 0 view .LVU53
 186 001c 0361     		str	r3, [r0, #16]
  98:Core/Src/adc.c ****   hadc2.Init.ContinuousConvMode = DISABLE;
 187              		.loc 1 98 3 is_stmt 1 view .LVU54
 188              		.loc 1 98 33 is_stmt 0 view .LVU55
ARM GAS  /tmp/cc1uHzUf.s 			page 6


 189 001e 0376     		strb	r3, [r0, #24]
  99:Core/Src/adc.c ****   hadc2.Init.DiscontinuousConvMode = DISABLE;
 190              		.loc 1 99 3 is_stmt 1 view .LVU56
 191              		.loc 1 99 36 is_stmt 0 view .LVU57
 192 0020 80F82030 		strb	r3, [r0, #32]
 100:Core/Src/adc.c ****   hadc2.Init.ExternalTrigConvEdge = ADC_EXTERNALTRIGCONVEDGE_NONE;
 193              		.loc 1 100 3 is_stmt 1 view .LVU58
 194              		.loc 1 100 35 is_stmt 0 view .LVU59
 195 0024 C362     		str	r3, [r0, #44]
 101:Core/Src/adc.c ****   hadc2.Init.ExternalTrigConv = ADC_SOFTWARE_START;
 196              		.loc 1 101 3 is_stmt 1 view .LVU60
 197              		.loc 1 101 31 is_stmt 0 view .LVU61
 198 0026 114A     		ldr	r2, .L15+8
 199 0028 8262     		str	r2, [r0, #40]
 102:Core/Src/adc.c ****   hadc2.Init.DataAlign = ADC_DATAALIGN_RIGHT;
 200              		.loc 1 102 3 is_stmt 1 view .LVU62
 201              		.loc 1 102 24 is_stmt 0 view .LVU63
 202 002a C360     		str	r3, [r0, #12]
 103:Core/Src/adc.c ****   hadc2.Init.NbrOfConversion = 1;
 203              		.loc 1 103 3 is_stmt 1 view .LVU64
 204              		.loc 1 103 30 is_stmt 0 view .LVU65
 205 002c 0122     		movs	r2, #1
 206 002e C261     		str	r2, [r0, #28]
 104:Core/Src/adc.c ****   hadc2.Init.DMAContinuousRequests = DISABLE;
 207              		.loc 1 104 3 is_stmt 1 view .LVU66
 208              		.loc 1 104 36 is_stmt 0 view .LVU67
 209 0030 80F83030 		strb	r3, [r0, #48]
 105:Core/Src/adc.c ****   hadc2.Init.EOCSelection = ADC_EOC_SINGLE_CONV;
 210              		.loc 1 105 3 is_stmt 1 view .LVU68
 211              		.loc 1 105 27 is_stmt 0 view .LVU69
 212 0034 4261     		str	r2, [r0, #20]
 106:Core/Src/adc.c ****   if (HAL_ADC_Init(&hadc2) != HAL_OK)
 213              		.loc 1 106 3 is_stmt 1 view .LVU70
 214              		.loc 1 106 7 is_stmt 0 view .LVU71
 215 0036 FFF7FEFF 		bl	HAL_ADC_Init
 216              	.LVL4:
 217              		.loc 1 106 6 view .LVU72
 218 003a 68B9     		cbnz	r0, .L13
 219              	.L10:
 107:Core/Src/adc.c ****   {
 108:Core/Src/adc.c ****     Error_Handler();
 109:Core/Src/adc.c ****   }
 110:Core/Src/adc.c **** 
 111:Core/Src/adc.c ****   /** Configure for the selected ADC regular channel its corresponding rank in the sequencer and it
 112:Core/Src/adc.c ****   */
 113:Core/Src/adc.c ****   sConfig.Channel = ADC_CHANNEL_9;
 220              		.loc 1 113 3 is_stmt 1 view .LVU73
 221              		.loc 1 113 19 is_stmt 0 view .LVU74
 222 003c 0923     		movs	r3, #9
 223 003e 0093     		str	r3, [sp]
 114:Core/Src/adc.c ****   sConfig.Rank = 1;
 224              		.loc 1 114 3 is_stmt 1 view .LVU75
 225              		.loc 1 114 16 is_stmt 0 view .LVU76
 226 0040 0123     		movs	r3, #1
 227 0042 0193     		str	r3, [sp, #4]
 115:Core/Src/adc.c ****   sConfig.SamplingTime = ADC_SAMPLETIME_3CYCLES;
 228              		.loc 1 115 3 is_stmt 1 view .LVU77
ARM GAS  /tmp/cc1uHzUf.s 			page 7


 229              		.loc 1 115 24 is_stmt 0 view .LVU78
 230 0044 0023     		movs	r3, #0
 231 0046 0293     		str	r3, [sp, #8]
 116:Core/Src/adc.c ****   if (HAL_ADC_ConfigChannel(&hadc2, &sConfig) != HAL_OK)
 232              		.loc 1 116 3 is_stmt 1 view .LVU79
 233              		.loc 1 116 7 is_stmt 0 view .LVU80
 234 0048 6946     		mov	r1, sp
 235 004a 0648     		ldr	r0, .L15
 236 004c FFF7FEFF 		bl	HAL_ADC_ConfigChannel
 237              	.LVL5:
 238              		.loc 1 116 6 view .LVU81
 239 0050 28B9     		cbnz	r0, .L14
 240              	.L9:
 117:Core/Src/adc.c ****   {
 118:Core/Src/adc.c ****     Error_Handler();
 119:Core/Src/adc.c ****   }
 120:Core/Src/adc.c ****   /* USER CODE BEGIN ADC2_Init 2 */
 121:Core/Src/adc.c **** 
 122:Core/Src/adc.c ****   /* USER CODE END ADC2_Init 2 */
 123:Core/Src/adc.c **** 
 124:Core/Src/adc.c **** }
 241              		.loc 1 124 1 view .LVU82
 242 0052 05B0     		add	sp, sp, #20
 243              	.LCFI6:
 244              		.cfi_remember_state
 245              		.cfi_def_cfa_offset 4
 246              		@ sp needed
 247 0054 5DF804FB 		ldr	pc, [sp], #4
 248              	.L13:
 249              	.LCFI7:
 250              		.cfi_restore_state
 108:Core/Src/adc.c ****   }
 251              		.loc 1 108 5 is_stmt 1 view .LVU83
 252 0058 FFF7FEFF 		bl	Error_Handler
 253              	.LVL6:
 254 005c EEE7     		b	.L10
 255              	.L14:
 118:Core/Src/adc.c ****   }
 256              		.loc 1 118 5 view .LVU84
 257 005e FFF7FEFF 		bl	Error_Handler
 258              	.LVL7:
 259              		.loc 1 124 1 is_stmt 0 view .LVU85
 260 0062 F6E7     		b	.L9
 261              	.L16:
 262              		.align	2
 263              	.L15:
 264 0064 00000000 		.word	.LANCHOR1
 265 0068 00210140 		.word	1073815808
 266 006c 0100000F 		.word	251658241
 267              		.cfi_endproc
 268              	.LFE236:
 270              		.section	.text.MX_ADC3_Init,"ax",%progbits
 271              		.align	1
 272              		.global	MX_ADC3_Init
 273              		.syntax unified
 274              		.thumb
 275              		.thumb_func
ARM GAS  /tmp/cc1uHzUf.s 			page 8


 277              	MX_ADC3_Init:
 278              	.LFB237:
 125:Core/Src/adc.c **** /* ADC3 init function */
 126:Core/Src/adc.c **** void MX_ADC3_Init(void)
 127:Core/Src/adc.c **** {
 279              		.loc 1 127 1 is_stmt 1 view -0
 280              		.cfi_startproc
 281              		@ args = 0, pretend = 0, frame = 16
 282              		@ frame_needed = 0, uses_anonymous_args = 0
 283 0000 00B5     		push	{lr}
 284              	.LCFI8:
 285              		.cfi_def_cfa_offset 4
 286              		.cfi_offset 14, -4
 287 0002 85B0     		sub	sp, sp, #20
 288              	.LCFI9:
 289              		.cfi_def_cfa_offset 24
 128:Core/Src/adc.c **** 
 129:Core/Src/adc.c ****   /* USER CODE BEGIN ADC3_Init 0 */
 130:Core/Src/adc.c **** 
 131:Core/Src/adc.c ****   /* USER CODE END ADC3_Init 0 */
 132:Core/Src/adc.c **** 
 133:Core/Src/adc.c ****   ADC_ChannelConfTypeDef sConfig = {0};
 290              		.loc 1 133 3 view .LVU87
 291              		.loc 1 133 26 is_stmt 0 view .LVU88
 292 0004 0023     		movs	r3, #0
 293 0006 0093     		str	r3, [sp]
 294 0008 0193     		str	r3, [sp, #4]
 295 000a 0293     		str	r3, [sp, #8]
 296 000c 0393     		str	r3, [sp, #12]
 134:Core/Src/adc.c **** 
 135:Core/Src/adc.c ****   /* USER CODE BEGIN ADC3_Init 1 */
 136:Core/Src/adc.c **** 
 137:Core/Src/adc.c ****   /* USER CODE END ADC3_Init 1 */
 138:Core/Src/adc.c **** 
 139:Core/Src/adc.c ****   /** Configure the global features of the ADC (Clock, Resolution, Data Alignment and number of con
 140:Core/Src/adc.c ****   */
 141:Core/Src/adc.c ****   hadc3.Instance = ADC3;
 297              		.loc 1 141 3 is_stmt 1 view .LVU89
 298              		.loc 1 141 18 is_stmt 0 view .LVU90
 299 000e 1548     		ldr	r0, .L23
 300 0010 154A     		ldr	r2, .L23+4
 301 0012 0260     		str	r2, [r0]
 142:Core/Src/adc.c ****   hadc3.Init.ClockPrescaler = ADC_CLOCK_SYNC_PCLK_DIV4;
 302              		.loc 1 142 3 is_stmt 1 view .LVU91
 303              		.loc 1 142 29 is_stmt 0 view .LVU92
 304 0014 4FF48032 		mov	r2, #65536
 305 0018 4260     		str	r2, [r0, #4]
 143:Core/Src/adc.c ****   hadc3.Init.Resolution = ADC_RESOLUTION_12B;
 306              		.loc 1 143 3 is_stmt 1 view .LVU93
 307              		.loc 1 143 25 is_stmt 0 view .LVU94
 308 001a 8360     		str	r3, [r0, #8]
 144:Core/Src/adc.c ****   hadc3.Init.ScanConvMode = DISABLE;
 309              		.loc 1 144 3 is_stmt 1 view .LVU95
 310              		.loc 1 144 27 is_stmt 0 view .LVU96
 311 001c 0361     		str	r3, [r0, #16]
 145:Core/Src/adc.c ****   hadc3.Init.ContinuousConvMode = DISABLE;
 312              		.loc 1 145 3 is_stmt 1 view .LVU97
ARM GAS  /tmp/cc1uHzUf.s 			page 9


 313              		.loc 1 145 33 is_stmt 0 view .LVU98
 314 001e 0376     		strb	r3, [r0, #24]
 146:Core/Src/adc.c ****   hadc3.Init.DiscontinuousConvMode = DISABLE;
 315              		.loc 1 146 3 is_stmt 1 view .LVU99
 316              		.loc 1 146 36 is_stmt 0 view .LVU100
 317 0020 80F82030 		strb	r3, [r0, #32]
 147:Core/Src/adc.c ****   hadc3.Init.ExternalTrigConvEdge = ADC_EXTERNALTRIGCONVEDGE_NONE;
 318              		.loc 1 147 3 is_stmt 1 view .LVU101
 319              		.loc 1 147 35 is_stmt 0 view .LVU102
 320 0024 C362     		str	r3, [r0, #44]
 148:Core/Src/adc.c ****   hadc3.Init.ExternalTrigConv = ADC_SOFTWARE_START;
 321              		.loc 1 148 3 is_stmt 1 view .LVU103
 322              		.loc 1 148 31 is_stmt 0 view .LVU104
 323 0026 114A     		ldr	r2, .L23+8
 324 0028 8262     		str	r2, [r0, #40]
 149:Core/Src/adc.c ****   hadc3.Init.DataAlign = ADC_DATAALIGN_RIGHT;
 325              		.loc 1 149 3 is_stmt 1 view .LVU105
 326              		.loc 1 149 24 is_stmt 0 view .LVU106
 327 002a C360     		str	r3, [r0, #12]
 150:Core/Src/adc.c ****   hadc3.Init.NbrOfConversion = 1;
 328              		.loc 1 150 3 is_stmt 1 view .LVU107
 329              		.loc 1 150 30 is_stmt 0 view .LVU108
 330 002c 0122     		movs	r2, #1
 331 002e C261     		str	r2, [r0, #28]
 151:Core/Src/adc.c ****   hadc3.Init.DMAContinuousRequests = DISABLE;
 332              		.loc 1 151 3 is_stmt 1 view .LVU109
 333              		.loc 1 151 36 is_stmt 0 view .LVU110
 334 0030 80F83030 		strb	r3, [r0, #48]
 152:Core/Src/adc.c ****   hadc3.Init.EOCSelection = ADC_EOC_SINGLE_CONV;
 335              		.loc 1 152 3 is_stmt 1 view .LVU111
 336              		.loc 1 152 27 is_stmt 0 view .LVU112
 337 0034 4261     		str	r2, [r0, #20]
 153:Core/Src/adc.c ****   if (HAL_ADC_Init(&hadc3) != HAL_OK)
 338              		.loc 1 153 3 is_stmt 1 view .LVU113
 339              		.loc 1 153 7 is_stmt 0 view .LVU114
 340 0036 FFF7FEFF 		bl	HAL_ADC_Init
 341              	.LVL8:
 342              		.loc 1 153 6 view .LVU115
 343 003a 68B9     		cbnz	r0, .L21
 344              	.L18:
 154:Core/Src/adc.c ****   {
 155:Core/Src/adc.c ****     Error_Handler();
 156:Core/Src/adc.c ****   }
 157:Core/Src/adc.c **** 
 158:Core/Src/adc.c ****   /** Configure for the selected ADC regular channel its corresponding rank in the sequencer and it
 159:Core/Src/adc.c ****   */
 160:Core/Src/adc.c ****   sConfig.Channel = ADC_CHANNEL_11;
 345              		.loc 1 160 3 is_stmt 1 view .LVU116
 346              		.loc 1 160 19 is_stmt 0 view .LVU117
 347 003c 0B23     		movs	r3, #11
 348 003e 0093     		str	r3, [sp]
 161:Core/Src/adc.c ****   sConfig.Rank = 1;
 349              		.loc 1 161 3 is_stmt 1 view .LVU118
 350              		.loc 1 161 16 is_stmt 0 view .LVU119
 351 0040 0123     		movs	r3, #1
 352 0042 0193     		str	r3, [sp, #4]
 162:Core/Src/adc.c ****   sConfig.SamplingTime = ADC_SAMPLETIME_3CYCLES;
ARM GAS  /tmp/cc1uHzUf.s 			page 10


 353              		.loc 1 162 3 is_stmt 1 view .LVU120
 354              		.loc 1 162 24 is_stmt 0 view .LVU121
 355 0044 0023     		movs	r3, #0
 356 0046 0293     		str	r3, [sp, #8]
 163:Core/Src/adc.c ****   if (HAL_ADC_ConfigChannel(&hadc3, &sConfig) != HAL_OK)
 357              		.loc 1 163 3 is_stmt 1 view .LVU122
 358              		.loc 1 163 7 is_stmt 0 view .LVU123
 359 0048 6946     		mov	r1, sp
 360 004a 0648     		ldr	r0, .L23
 361 004c FFF7FEFF 		bl	HAL_ADC_ConfigChannel
 362              	.LVL9:
 363              		.loc 1 163 6 view .LVU124
 364 0050 28B9     		cbnz	r0, .L22
 365              	.L17:
 164:Core/Src/adc.c ****   {
 165:Core/Src/adc.c ****     Error_Handler();
 166:Core/Src/adc.c ****   }
 167:Core/Src/adc.c ****   /* USER CODE BEGIN ADC3_Init 2 */
 168:Core/Src/adc.c **** 
 169:Core/Src/adc.c ****   /* USER CODE END ADC3_Init 2 */
 170:Core/Src/adc.c **** 
 171:Core/Src/adc.c **** }
 366              		.loc 1 171 1 view .LVU125
 367 0052 05B0     		add	sp, sp, #20
 368              	.LCFI10:
 369              		.cfi_remember_state
 370              		.cfi_def_cfa_offset 4
 371              		@ sp needed
 372 0054 5DF804FB 		ldr	pc, [sp], #4
 373              	.L21:
 374              	.LCFI11:
 375              		.cfi_restore_state
 155:Core/Src/adc.c ****   }
 376              		.loc 1 155 5 is_stmt 1 view .LVU126
 377 0058 FFF7FEFF 		bl	Error_Handler
 378              	.LVL10:
 379 005c EEE7     		b	.L18
 380              	.L22:
 165:Core/Src/adc.c ****   }
 381              		.loc 1 165 5 view .LVU127
 382 005e FFF7FEFF 		bl	Error_Handler
 383              	.LVL11:
 384              		.loc 1 171 1 is_stmt 0 view .LVU128
 385 0062 F6E7     		b	.L17
 386              	.L24:
 387              		.align	2
 388              	.L23:
 389 0064 00000000 		.word	.LANCHOR2
 390 0068 00220140 		.word	1073816064
 391 006c 0100000F 		.word	251658241
 392              		.cfi_endproc
 393              	.LFE237:
 395              		.section	.text.HAL_ADC_MspInit,"ax",%progbits
 396              		.align	1
 397              		.global	HAL_ADC_MspInit
 398              		.syntax unified
 399              		.thumb
ARM GAS  /tmp/cc1uHzUf.s 			page 11


 400              		.thumb_func
 402              	HAL_ADC_MspInit:
 403              	.LVL12:
 404              	.LFB238:
 172:Core/Src/adc.c **** 
 173:Core/Src/adc.c **** void HAL_ADC_MspInit(ADC_HandleTypeDef* adcHandle)
 174:Core/Src/adc.c **** {
 405              		.loc 1 174 1 is_stmt 1 view -0
 406              		.cfi_startproc
 407              		@ args = 0, pretend = 0, frame = 48
 408              		@ frame_needed = 0, uses_anonymous_args = 0
 409              		.loc 1 174 1 is_stmt 0 view .LVU130
 410 0000 00B5     		push	{lr}
 411              	.LCFI12:
 412              		.cfi_def_cfa_offset 4
 413              		.cfi_offset 14, -4
 414 0002 8DB0     		sub	sp, sp, #52
 415              	.LCFI13:
 416              		.cfi_def_cfa_offset 56
 175:Core/Src/adc.c **** 
 176:Core/Src/adc.c ****   GPIO_InitTypeDef GPIO_InitStruct = {0};
 417              		.loc 1 176 3 is_stmt 1 view .LVU131
 418              		.loc 1 176 20 is_stmt 0 view .LVU132
 419 0004 0023     		movs	r3, #0
 420 0006 0793     		str	r3, [sp, #28]
 421 0008 0893     		str	r3, [sp, #32]
 422 000a 0993     		str	r3, [sp, #36]
 423 000c 0A93     		str	r3, [sp, #40]
 424 000e 0B93     		str	r3, [sp, #44]
 177:Core/Src/adc.c ****   if(adcHandle->Instance==ADC1)
 425              		.loc 1 177 3 is_stmt 1 view .LVU133
 426              		.loc 1 177 15 is_stmt 0 view .LVU134
 427 0010 0368     		ldr	r3, [r0]
 428              		.loc 1 177 5 view .LVU135
 429 0012 344A     		ldr	r2, .L33
 430 0014 9342     		cmp	r3, r2
 431 0016 08D0     		beq	.L30
 178:Core/Src/adc.c ****   {
 179:Core/Src/adc.c ****   /* USER CODE BEGIN ADC1_MspInit 0 */
 180:Core/Src/adc.c **** 
 181:Core/Src/adc.c ****   /* USER CODE END ADC1_MspInit 0 */
 182:Core/Src/adc.c ****     /* ADC1 clock enable */
 183:Core/Src/adc.c ****     __HAL_RCC_ADC1_CLK_ENABLE();
 184:Core/Src/adc.c **** 
 185:Core/Src/adc.c ****     __HAL_RCC_GPIOB_CLK_ENABLE();
 186:Core/Src/adc.c ****     /**ADC1 GPIO Configuration
 187:Core/Src/adc.c ****     PB0     ------> ADC1_IN8
 188:Core/Src/adc.c ****     */
 189:Core/Src/adc.c ****     GPIO_InitStruct.Pin = M3_Analog_Pin;
 190:Core/Src/adc.c ****     GPIO_InitStruct.Mode = GPIO_MODE_ANALOG;
 191:Core/Src/adc.c ****     GPIO_InitStruct.Pull = GPIO_NOPULL;
 192:Core/Src/adc.c ****     HAL_GPIO_Init(M3_Analog_GPIO_Port, &GPIO_InitStruct);
 193:Core/Src/adc.c **** 
 194:Core/Src/adc.c ****   /* USER CODE BEGIN ADC1_MspInit 1 */
 195:Core/Src/adc.c **** 
 196:Core/Src/adc.c ****   /* USER CODE END ADC1_MspInit 1 */
 197:Core/Src/adc.c ****   }
ARM GAS  /tmp/cc1uHzUf.s 			page 12


 198:Core/Src/adc.c ****   else if(adcHandle->Instance==ADC2)
 432              		.loc 1 198 8 is_stmt 1 view .LVU136
 433              		.loc 1 198 10 is_stmt 0 view .LVU137
 434 0018 334A     		ldr	r2, .L33+4
 435 001a 9342     		cmp	r3, r2
 436 001c 24D0     		beq	.L31
 199:Core/Src/adc.c ****   {
 200:Core/Src/adc.c ****   /* USER CODE BEGIN ADC2_MspInit 0 */
 201:Core/Src/adc.c **** 
 202:Core/Src/adc.c ****   /* USER CODE END ADC2_MspInit 0 */
 203:Core/Src/adc.c ****     /* ADC2 clock enable */
 204:Core/Src/adc.c ****     __HAL_RCC_ADC2_CLK_ENABLE();
 205:Core/Src/adc.c **** 
 206:Core/Src/adc.c ****     __HAL_RCC_GPIOB_CLK_ENABLE();
 207:Core/Src/adc.c ****     /**ADC2 GPIO Configuration
 208:Core/Src/adc.c ****     PB1     ------> ADC2_IN9
 209:Core/Src/adc.c ****     */
 210:Core/Src/adc.c ****     GPIO_InitStruct.Pin = M2_Analog_Pin;
 211:Core/Src/adc.c ****     GPIO_InitStruct.Mode = GPIO_MODE_ANALOG;
 212:Core/Src/adc.c ****     GPIO_InitStruct.Pull = GPIO_NOPULL;
 213:Core/Src/adc.c ****     HAL_GPIO_Init(M2_Analog_GPIO_Port, &GPIO_InitStruct);
 214:Core/Src/adc.c **** 
 215:Core/Src/adc.c ****   /* USER CODE BEGIN ADC2_MspInit 1 */
 216:Core/Src/adc.c **** 
 217:Core/Src/adc.c ****   /* USER CODE END ADC2_MspInit 1 */
 218:Core/Src/adc.c ****   }
 219:Core/Src/adc.c ****   else if(adcHandle->Instance==ADC3)
 437              		.loc 1 219 8 is_stmt 1 view .LVU138
 438              		.loc 1 219 10 is_stmt 0 view .LVU139
 439 001e 334A     		ldr	r2, .L33+8
 440 0020 9342     		cmp	r3, r2
 441 0022 40D0     		beq	.L32
 442              	.LVL13:
 443              	.L25:
 220:Core/Src/adc.c ****   {
 221:Core/Src/adc.c ****   /* USER CODE BEGIN ADC3_MspInit 0 */
 222:Core/Src/adc.c **** 
 223:Core/Src/adc.c ****   /* USER CODE END ADC3_MspInit 0 */
 224:Core/Src/adc.c ****     /* ADC3 clock enable */
 225:Core/Src/adc.c ****     __HAL_RCC_ADC3_CLK_ENABLE();
 226:Core/Src/adc.c **** 
 227:Core/Src/adc.c ****     __HAL_RCC_GPIOC_CLK_ENABLE();
 228:Core/Src/adc.c ****     /**ADC3 GPIO Configuration
 229:Core/Src/adc.c ****     PC1     ------> ADC3_IN11
 230:Core/Src/adc.c ****     */
 231:Core/Src/adc.c ****     GPIO_InitStruct.Pin = M1_Analog_Pin;
 232:Core/Src/adc.c ****     GPIO_InitStruct.Mode = GPIO_MODE_ANALOG;
 233:Core/Src/adc.c ****     GPIO_InitStruct.Pull = GPIO_NOPULL;
 234:Core/Src/adc.c ****     HAL_GPIO_Init(M1_Analog_GPIO_Port, &GPIO_InitStruct);
 235:Core/Src/adc.c **** 
 236:Core/Src/adc.c ****   /* USER CODE BEGIN ADC3_MspInit 1 */
 237:Core/Src/adc.c **** 
 238:Core/Src/adc.c ****   /* USER CODE END ADC3_MspInit 1 */
 239:Core/Src/adc.c ****   }
 240:Core/Src/adc.c **** }
 444              		.loc 1 240 1 view .LVU140
 445 0024 0DB0     		add	sp, sp, #52
ARM GAS  /tmp/cc1uHzUf.s 			page 13


 446              	.LCFI14:
 447              		.cfi_remember_state
 448              		.cfi_def_cfa_offset 4
 449              		@ sp needed
 450 0026 5DF804FB 		ldr	pc, [sp], #4
 451              	.LVL14:
 452              	.L30:
 453              	.LCFI15:
 454              		.cfi_restore_state
 183:Core/Src/adc.c **** 
 455              		.loc 1 183 5 is_stmt 1 view .LVU141
 456              	.LBB2:
 183:Core/Src/adc.c **** 
 457              		.loc 1 183 5 view .LVU142
 458 002a 0021     		movs	r1, #0
 459 002c 0191     		str	r1, [sp, #4]
 183:Core/Src/adc.c **** 
 460              		.loc 1 183 5 view .LVU143
 461 002e 304B     		ldr	r3, .L33+12
 462 0030 5A6C     		ldr	r2, [r3, #68]
 463 0032 42F48072 		orr	r2, r2, #256
 464 0036 5A64     		str	r2, [r3, #68]
 183:Core/Src/adc.c **** 
 465              		.loc 1 183 5 view .LVU144
 466 0038 5A6C     		ldr	r2, [r3, #68]
 467 003a 02F48072 		and	r2, r2, #256
 468 003e 0192     		str	r2, [sp, #4]
 183:Core/Src/adc.c **** 
 469              		.loc 1 183 5 view .LVU145
 470 0040 019A     		ldr	r2, [sp, #4]
 471              	.LBE2:
 183:Core/Src/adc.c **** 
 472              		.loc 1 183 5 view .LVU146
 185:Core/Src/adc.c ****     /**ADC1 GPIO Configuration
 473              		.loc 1 185 5 view .LVU147
 474              	.LBB3:
 185:Core/Src/adc.c ****     /**ADC1 GPIO Configuration
 475              		.loc 1 185 5 view .LVU148
 476 0042 0291     		str	r1, [sp, #8]
 185:Core/Src/adc.c ****     /**ADC1 GPIO Configuration
 477              		.loc 1 185 5 view .LVU149
 478 0044 1A6B     		ldr	r2, [r3, #48]
 479 0046 42F00202 		orr	r2, r2, #2
 480 004a 1A63     		str	r2, [r3, #48]
 185:Core/Src/adc.c ****     /**ADC1 GPIO Configuration
 481              		.loc 1 185 5 view .LVU150
 482 004c 1B6B     		ldr	r3, [r3, #48]
 483 004e 03F00203 		and	r3, r3, #2
 484 0052 0293     		str	r3, [sp, #8]
 185:Core/Src/adc.c ****     /**ADC1 GPIO Configuration
 485              		.loc 1 185 5 view .LVU151
 486 0054 029B     		ldr	r3, [sp, #8]
 487              	.LBE3:
 185:Core/Src/adc.c ****     /**ADC1 GPIO Configuration
 488              		.loc 1 185 5 view .LVU152
 189:Core/Src/adc.c ****     GPIO_InitStruct.Mode = GPIO_MODE_ANALOG;
 489              		.loc 1 189 5 view .LVU153
ARM GAS  /tmp/cc1uHzUf.s 			page 14


 189:Core/Src/adc.c ****     GPIO_InitStruct.Mode = GPIO_MODE_ANALOG;
 490              		.loc 1 189 25 is_stmt 0 view .LVU154
 491 0056 0123     		movs	r3, #1
 492 0058 0793     		str	r3, [sp, #28]
 190:Core/Src/adc.c ****     GPIO_InitStruct.Pull = GPIO_NOPULL;
 493              		.loc 1 190 5 is_stmt 1 view .LVU155
 190:Core/Src/adc.c ****     GPIO_InitStruct.Pull = GPIO_NOPULL;
 494              		.loc 1 190 26 is_stmt 0 view .LVU156
 495 005a 0323     		movs	r3, #3
 496 005c 0893     		str	r3, [sp, #32]
 191:Core/Src/adc.c ****     HAL_GPIO_Init(M3_Analog_GPIO_Port, &GPIO_InitStruct);
 497              		.loc 1 191 5 is_stmt 1 view .LVU157
 192:Core/Src/adc.c **** 
 498              		.loc 1 192 5 view .LVU158
 499 005e 07A9     		add	r1, sp, #28
 500 0060 2448     		ldr	r0, .L33+16
 501              	.LVL15:
 192:Core/Src/adc.c **** 
 502              		.loc 1 192 5 is_stmt 0 view .LVU159
 503 0062 FFF7FEFF 		bl	HAL_GPIO_Init
 504              	.LVL16:
 505 0066 DDE7     		b	.L25
 506              	.LVL17:
 507              	.L31:
 204:Core/Src/adc.c **** 
 508              		.loc 1 204 5 is_stmt 1 view .LVU160
 509              	.LBB4:
 204:Core/Src/adc.c **** 
 510              		.loc 1 204 5 view .LVU161
 511 0068 0021     		movs	r1, #0
 512 006a 0391     		str	r1, [sp, #12]
 204:Core/Src/adc.c **** 
 513              		.loc 1 204 5 view .LVU162
 514 006c 204B     		ldr	r3, .L33+12
 515 006e 5A6C     		ldr	r2, [r3, #68]
 516 0070 42F40072 		orr	r2, r2, #512
 517 0074 5A64     		str	r2, [r3, #68]
 204:Core/Src/adc.c **** 
 518              		.loc 1 204 5 view .LVU163
 519 0076 5A6C     		ldr	r2, [r3, #68]
 520 0078 02F40072 		and	r2, r2, #512
 521 007c 0392     		str	r2, [sp, #12]
 204:Core/Src/adc.c **** 
 522              		.loc 1 204 5 view .LVU164
 523 007e 039A     		ldr	r2, [sp, #12]
 524              	.LBE4:
 204:Core/Src/adc.c **** 
 525              		.loc 1 204 5 view .LVU165
 206:Core/Src/adc.c ****     /**ADC2 GPIO Configuration
 526              		.loc 1 206 5 view .LVU166
 527              	.LBB5:
 206:Core/Src/adc.c ****     /**ADC2 GPIO Configuration
 528              		.loc 1 206 5 view .LVU167
 529 0080 0491     		str	r1, [sp, #16]
 206:Core/Src/adc.c ****     /**ADC2 GPIO Configuration
 530              		.loc 1 206 5 view .LVU168
 531 0082 1A6B     		ldr	r2, [r3, #48]
ARM GAS  /tmp/cc1uHzUf.s 			page 15


 532 0084 42F00202 		orr	r2, r2, #2
 533 0088 1A63     		str	r2, [r3, #48]
 206:Core/Src/adc.c ****     /**ADC2 GPIO Configuration
 534              		.loc 1 206 5 view .LVU169
 535 008a 1B6B     		ldr	r3, [r3, #48]
 536 008c 03F00203 		and	r3, r3, #2
 537 0090 0493     		str	r3, [sp, #16]
 206:Core/Src/adc.c ****     /**ADC2 GPIO Configuration
 538              		.loc 1 206 5 view .LVU170
 539 0092 049B     		ldr	r3, [sp, #16]
 540              	.LBE5:
 206:Core/Src/adc.c ****     /**ADC2 GPIO Configuration
 541              		.loc 1 206 5 view .LVU171
 210:Core/Src/adc.c ****     GPIO_InitStruct.Mode = GPIO_MODE_ANALOG;
 542              		.loc 1 210 5 view .LVU172
 210:Core/Src/adc.c ****     GPIO_InitStruct.Mode = GPIO_MODE_ANALOG;
 543              		.loc 1 210 25 is_stmt 0 view .LVU173
 544 0094 0223     		movs	r3, #2
 545 0096 0793     		str	r3, [sp, #28]
 211:Core/Src/adc.c ****     GPIO_InitStruct.Pull = GPIO_NOPULL;
 546              		.loc 1 211 5 is_stmt 1 view .LVU174
 211:Core/Src/adc.c ****     GPIO_InitStruct.Pull = GPIO_NOPULL;
 547              		.loc 1 211 26 is_stmt 0 view .LVU175
 548 0098 0323     		movs	r3, #3
 549 009a 0893     		str	r3, [sp, #32]
 212:Core/Src/adc.c ****     HAL_GPIO_Init(M2_Analog_GPIO_Port, &GPIO_InitStruct);
 550              		.loc 1 212 5 is_stmt 1 view .LVU176
 213:Core/Src/adc.c **** 
 551              		.loc 1 213 5 view .LVU177
 552 009c 07A9     		add	r1, sp, #28
 553 009e 1548     		ldr	r0, .L33+16
 554              	.LVL18:
 213:Core/Src/adc.c **** 
 555              		.loc 1 213 5 is_stmt 0 view .LVU178
 556 00a0 FFF7FEFF 		bl	HAL_GPIO_Init
 557              	.LVL19:
 558 00a4 BEE7     		b	.L25
 559              	.LVL20:
 560              	.L32:
 225:Core/Src/adc.c **** 
 561              		.loc 1 225 5 is_stmt 1 view .LVU179
 562              	.LBB6:
 225:Core/Src/adc.c **** 
 563              		.loc 1 225 5 view .LVU180
 564 00a6 0021     		movs	r1, #0
 565 00a8 0591     		str	r1, [sp, #20]
 225:Core/Src/adc.c **** 
 566              		.loc 1 225 5 view .LVU181
 567 00aa 114B     		ldr	r3, .L33+12
 568 00ac 5A6C     		ldr	r2, [r3, #68]
 569 00ae 42F48062 		orr	r2, r2, #1024
 570 00b2 5A64     		str	r2, [r3, #68]
 225:Core/Src/adc.c **** 
 571              		.loc 1 225 5 view .LVU182
 572 00b4 5A6C     		ldr	r2, [r3, #68]
 573 00b6 02F48062 		and	r2, r2, #1024
 574 00ba 0592     		str	r2, [sp, #20]
ARM GAS  /tmp/cc1uHzUf.s 			page 16


 225:Core/Src/adc.c **** 
 575              		.loc 1 225 5 view .LVU183
 576 00bc 059A     		ldr	r2, [sp, #20]
 577              	.LBE6:
 225:Core/Src/adc.c **** 
 578              		.loc 1 225 5 view .LVU184
 227:Core/Src/adc.c ****     /**ADC3 GPIO Configuration
 579              		.loc 1 227 5 view .LVU185
 580              	.LBB7:
 227:Core/Src/adc.c ****     /**ADC3 GPIO Configuration
 581              		.loc 1 227 5 view .LVU186
 582 00be 0691     		str	r1, [sp, #24]
 227:Core/Src/adc.c ****     /**ADC3 GPIO Configuration
 583              		.loc 1 227 5 view .LVU187
 584 00c0 1A6B     		ldr	r2, [r3, #48]
 585 00c2 42F00402 		orr	r2, r2, #4
 586 00c6 1A63     		str	r2, [r3, #48]
 227:Core/Src/adc.c ****     /**ADC3 GPIO Configuration
 587              		.loc 1 227 5 view .LVU188
 588 00c8 1B6B     		ldr	r3, [r3, #48]
 589 00ca 03F00403 		and	r3, r3, #4
 590 00ce 0693     		str	r3, [sp, #24]
 227:Core/Src/adc.c ****     /**ADC3 GPIO Configuration
 591              		.loc 1 227 5 view .LVU189
 592 00d0 069B     		ldr	r3, [sp, #24]
 593              	.LBE7:
 227:Core/Src/adc.c ****     /**ADC3 GPIO Configuration
 594              		.loc 1 227 5 view .LVU190
 231:Core/Src/adc.c ****     GPIO_InitStruct.Mode = GPIO_MODE_ANALOG;
 595              		.loc 1 231 5 view .LVU191
 231:Core/Src/adc.c ****     GPIO_InitStruct.Mode = GPIO_MODE_ANALOG;
 596              		.loc 1 231 25 is_stmt 0 view .LVU192
 597 00d2 0223     		movs	r3, #2
 598 00d4 0793     		str	r3, [sp, #28]
 232:Core/Src/adc.c ****     GPIO_InitStruct.Pull = GPIO_NOPULL;
 599              		.loc 1 232 5 is_stmt 1 view .LVU193
 232:Core/Src/adc.c ****     GPIO_InitStruct.Pull = GPIO_NOPULL;
 600              		.loc 1 232 26 is_stmt 0 view .LVU194
 601 00d6 0323     		movs	r3, #3
 602 00d8 0893     		str	r3, [sp, #32]
 233:Core/Src/adc.c ****     HAL_GPIO_Init(M1_Analog_GPIO_Port, &GPIO_InitStruct);
 603              		.loc 1 233 5 is_stmt 1 view .LVU195
 234:Core/Src/adc.c **** 
 604              		.loc 1 234 5 view .LVU196
 605 00da 07A9     		add	r1, sp, #28
 606 00dc 0648     		ldr	r0, .L33+20
 607              	.LVL21:
 234:Core/Src/adc.c **** 
 608              		.loc 1 234 5 is_stmt 0 view .LVU197
 609 00de FFF7FEFF 		bl	HAL_GPIO_Init
 610              	.LVL22:
 611              		.loc 1 240 1 view .LVU198
 612 00e2 9FE7     		b	.L25
 613              	.L34:
 614              		.align	2
 615              	.L33:
 616 00e4 00200140 		.word	1073815552
ARM GAS  /tmp/cc1uHzUf.s 			page 17


 617 00e8 00210140 		.word	1073815808
 618 00ec 00220140 		.word	1073816064
 619 00f0 00380240 		.word	1073887232
 620 00f4 00040240 		.word	1073873920
 621 00f8 00080240 		.word	1073874944
 622              		.cfi_endproc
 623              	.LFE238:
 625              		.section	.text.HAL_ADC_MspDeInit,"ax",%progbits
 626              		.align	1
 627              		.global	HAL_ADC_MspDeInit
 628              		.syntax unified
 629              		.thumb
 630              		.thumb_func
 632              	HAL_ADC_MspDeInit:
 633              	.LVL23:
 634              	.LFB239:
 241:Core/Src/adc.c **** 
 242:Core/Src/adc.c **** void HAL_ADC_MspDeInit(ADC_HandleTypeDef* adcHandle)
 243:Core/Src/adc.c **** {
 635              		.loc 1 243 1 is_stmt 1 view -0
 636              		.cfi_startproc
 637              		@ args = 0, pretend = 0, frame = 0
 638              		@ frame_needed = 0, uses_anonymous_args = 0
 639              		.loc 1 243 1 is_stmt 0 view .LVU200
 640 0000 08B5     		push	{r3, lr}
 641              	.LCFI16:
 642              		.cfi_def_cfa_offset 8
 643              		.cfi_offset 3, -8
 644              		.cfi_offset 14, -4
 244:Core/Src/adc.c **** 
 245:Core/Src/adc.c ****   if(adcHandle->Instance==ADC1)
 645              		.loc 1 245 3 is_stmt 1 view .LVU201
 646              		.loc 1 245 15 is_stmt 0 view .LVU202
 647 0002 0368     		ldr	r3, [r0]
 648              		.loc 1 245 5 view .LVU203
 649 0004 144A     		ldr	r2, .L43
 650 0006 9342     		cmp	r3, r2
 651 0008 06D0     		beq	.L40
 246:Core/Src/adc.c ****   {
 247:Core/Src/adc.c ****   /* USER CODE BEGIN ADC1_MspDeInit 0 */
 248:Core/Src/adc.c **** 
 249:Core/Src/adc.c ****   /* USER CODE END ADC1_MspDeInit 0 */
 250:Core/Src/adc.c ****     /* Peripheral clock disable */
 251:Core/Src/adc.c ****     __HAL_RCC_ADC1_CLK_DISABLE();
 252:Core/Src/adc.c **** 
 253:Core/Src/adc.c ****     /**ADC1 GPIO Configuration
 254:Core/Src/adc.c ****     PB0     ------> ADC1_IN8
 255:Core/Src/adc.c ****     */
 256:Core/Src/adc.c ****     HAL_GPIO_DeInit(M3_Analog_GPIO_Port, M3_Analog_Pin);
 257:Core/Src/adc.c **** 
 258:Core/Src/adc.c ****   /* USER CODE BEGIN ADC1_MspDeInit 1 */
 259:Core/Src/adc.c **** 
 260:Core/Src/adc.c ****   /* USER CODE END ADC1_MspDeInit 1 */
 261:Core/Src/adc.c ****   }
 262:Core/Src/adc.c ****   else if(adcHandle->Instance==ADC2)
 652              		.loc 1 262 8 is_stmt 1 view .LVU204
 653              		.loc 1 262 10 is_stmt 0 view .LVU205
ARM GAS  /tmp/cc1uHzUf.s 			page 18


 654 000a 144A     		ldr	r2, .L43+4
 655 000c 9342     		cmp	r3, r2
 656 000e 0ED0     		beq	.L41
 263:Core/Src/adc.c ****   {
 264:Core/Src/adc.c ****   /* USER CODE BEGIN ADC2_MspDeInit 0 */
 265:Core/Src/adc.c **** 
 266:Core/Src/adc.c ****   /* USER CODE END ADC2_MspDeInit 0 */
 267:Core/Src/adc.c ****     /* Peripheral clock disable */
 268:Core/Src/adc.c ****     __HAL_RCC_ADC2_CLK_DISABLE();
 269:Core/Src/adc.c **** 
 270:Core/Src/adc.c ****     /**ADC2 GPIO Configuration
 271:Core/Src/adc.c ****     PB1     ------> ADC2_IN9
 272:Core/Src/adc.c ****     */
 273:Core/Src/adc.c ****     HAL_GPIO_DeInit(M2_Analog_GPIO_Port, M2_Analog_Pin);
 274:Core/Src/adc.c **** 
 275:Core/Src/adc.c ****   /* USER CODE BEGIN ADC2_MspDeInit 1 */
 276:Core/Src/adc.c **** 
 277:Core/Src/adc.c ****   /* USER CODE END ADC2_MspDeInit 1 */
 278:Core/Src/adc.c ****   }
 279:Core/Src/adc.c ****   else if(adcHandle->Instance==ADC3)
 657              		.loc 1 279 8 is_stmt 1 view .LVU206
 658              		.loc 1 279 10 is_stmt 0 view .LVU207
 659 0010 134A     		ldr	r2, .L43+8
 660 0012 9342     		cmp	r3, r2
 661 0014 15D0     		beq	.L42
 662              	.LVL24:
 663              	.L35:
 280:Core/Src/adc.c ****   {
 281:Core/Src/adc.c ****   /* USER CODE BEGIN ADC3_MspDeInit 0 */
 282:Core/Src/adc.c **** 
 283:Core/Src/adc.c ****   /* USER CODE END ADC3_MspDeInit 0 */
 284:Core/Src/adc.c ****     /* Peripheral clock disable */
 285:Core/Src/adc.c ****     __HAL_RCC_ADC3_CLK_DISABLE();
 286:Core/Src/adc.c **** 
 287:Core/Src/adc.c ****     /**ADC3 GPIO Configuration
 288:Core/Src/adc.c ****     PC1     ------> ADC3_IN11
 289:Core/Src/adc.c ****     */
 290:Core/Src/adc.c ****     HAL_GPIO_DeInit(M1_Analog_GPIO_Port, M1_Analog_Pin);
 291:Core/Src/adc.c **** 
 292:Core/Src/adc.c ****   /* USER CODE BEGIN ADC3_MspDeInit 1 */
 293:Core/Src/adc.c **** 
 294:Core/Src/adc.c ****   /* USER CODE END ADC3_MspDeInit 1 */
 295:Core/Src/adc.c ****   }
 296:Core/Src/adc.c **** }
 664              		.loc 1 296 1 view .LVU208
 665 0016 08BD     		pop	{r3, pc}
 666              	.LVL25:
 667              	.L40:
 251:Core/Src/adc.c **** 
 668              		.loc 1 251 5 is_stmt 1 view .LVU209
 669 0018 02F58C32 		add	r2, r2, #71680
 670 001c 536C     		ldr	r3, [r2, #68]
 671 001e 23F48073 		bic	r3, r3, #256
 672 0022 5364     		str	r3, [r2, #68]
 256:Core/Src/adc.c **** 
 673              		.loc 1 256 5 view .LVU210
 674 0024 0121     		movs	r1, #1
ARM GAS  /tmp/cc1uHzUf.s 			page 19


 675 0026 0F48     		ldr	r0, .L43+12
 676              	.LVL26:
 256:Core/Src/adc.c **** 
 677              		.loc 1 256 5 is_stmt 0 view .LVU211
 678 0028 FFF7FEFF 		bl	HAL_GPIO_DeInit
 679              	.LVL27:
 680 002c F3E7     		b	.L35
 681              	.LVL28:
 682              	.L41:
 268:Core/Src/adc.c **** 
 683              		.loc 1 268 5 is_stmt 1 view .LVU212
 684 002e 0E4A     		ldr	r2, .L43+16
 685 0030 536C     		ldr	r3, [r2, #68]
 686 0032 23F40073 		bic	r3, r3, #512
 687 0036 5364     		str	r3, [r2, #68]
 273:Core/Src/adc.c **** 
 688              		.loc 1 273 5 view .LVU213
 689 0038 0221     		movs	r1, #2
 690 003a 0A48     		ldr	r0, .L43+12
 691              	.LVL29:
 273:Core/Src/adc.c **** 
 692              		.loc 1 273 5 is_stmt 0 view .LVU214
 693 003c FFF7FEFF 		bl	HAL_GPIO_DeInit
 694              	.LVL30:
 695 0040 E9E7     		b	.L35
 696              	.LVL31:
 697              	.L42:
 285:Core/Src/adc.c **** 
 698              		.loc 1 285 5 is_stmt 1 view .LVU215
 699 0042 02F58B32 		add	r2, r2, #71168
 700 0046 536C     		ldr	r3, [r2, #68]
 701 0048 23F48063 		bic	r3, r3, #1024
 702 004c 5364     		str	r3, [r2, #68]
 290:Core/Src/adc.c **** 
 703              		.loc 1 290 5 view .LVU216
 704 004e 0221     		movs	r1, #2
 705 0050 0648     		ldr	r0, .L43+20
 706              	.LVL32:
 290:Core/Src/adc.c **** 
 707              		.loc 1 290 5 is_stmt 0 view .LVU217
 708 0052 FFF7FEFF 		bl	HAL_GPIO_DeInit
 709              	.LVL33:
 710              		.loc 1 296 1 view .LVU218
 711 0056 DEE7     		b	.L35
 712              	.L44:
 713              		.align	2
 714              	.L43:
 715 0058 00200140 		.word	1073815552
 716 005c 00210140 		.word	1073815808
 717 0060 00220140 		.word	1073816064
 718 0064 00040240 		.word	1073873920
 719 0068 00380240 		.word	1073887232
 720 006c 00080240 		.word	1073874944
 721              		.cfi_endproc
 722              	.LFE239:
 724              		.global	hadc3
 725              		.global	hadc2
ARM GAS  /tmp/cc1uHzUf.s 			page 20


 726              		.global	hadc1
 727              		.section	.bss.hadc1,"aw",%nobits
 728              		.align	2
 729              		.set	.LANCHOR0,. + 0
 732              	hadc1:
 733 0000 00000000 		.space	72
 733      00000000 
 733      00000000 
 733      00000000 
 733      00000000 
 734              		.section	.bss.hadc2,"aw",%nobits
 735              		.align	2
 736              		.set	.LANCHOR1,. + 0
 739              	hadc2:
 740 0000 00000000 		.space	72
 740      00000000 
 740      00000000 
 740      00000000 
 740      00000000 
 741              		.section	.bss.hadc3,"aw",%nobits
 742              		.align	2
 743              		.set	.LANCHOR2,. + 0
 746              	hadc3:
 747 0000 00000000 		.space	72
 747      00000000 
 747      00000000 
 747      00000000 
 747      00000000 
 748              		.text
 749              	.Letext0:
 750              		.file 2 "/opt/st/stm32cubeide_1.13.2/plugins/com.st.stm32cube.ide.mcu.externaltools.gnu-tools-for-
 751              		.file 3 "/opt/st/stm32cubeide_1.13.2/plugins/com.st.stm32cube.ide.mcu.externaltools.gnu-tools-for-
 752              		.file 4 "Drivers/CMSIS/Device/ST/STM32F4xx/Include/stm32f407xx.h"
 753              		.file 5 "Drivers/CMSIS/Device/ST/STM32F4xx/Include/stm32f4xx.h"
 754              		.file 6 "Drivers/STM32F4xx_HAL_Driver/Inc/stm32f4xx_hal_def.h"
 755              		.file 7 "Drivers/STM32F4xx_HAL_Driver/Inc/stm32f4xx_hal_gpio.h"
 756              		.file 8 "Drivers/STM32F4xx_HAL_Driver/Inc/stm32f4xx_hal_dma.h"
 757              		.file 9 "Drivers/STM32F4xx_HAL_Driver/Inc/stm32f4xx_hal_adc.h"
 758              		.file 10 "Core/Inc/adc.h"
 759              		.file 11 "Core/Inc/main.h"
ARM GAS  /tmp/cc1uHzUf.s 			page 21


DEFINED SYMBOLS
                            *ABS*:0000000000000000 adc.c
     /tmp/cc1uHzUf.s:20     .text.MX_ADC1_Init:0000000000000000 $t
     /tmp/cc1uHzUf.s:26     .text.MX_ADC1_Init:0000000000000000 MX_ADC1_Init
     /tmp/cc1uHzUf.s:139    .text.MX_ADC1_Init:0000000000000064 $d
     /tmp/cc1uHzUf.s:146    .text.MX_ADC2_Init:0000000000000000 $t
     /tmp/cc1uHzUf.s:152    .text.MX_ADC2_Init:0000000000000000 MX_ADC2_Init
     /tmp/cc1uHzUf.s:264    .text.MX_ADC2_Init:0000000000000064 $d
     /tmp/cc1uHzUf.s:271    .text.MX_ADC3_Init:0000000000000000 $t
     /tmp/cc1uHzUf.s:277    .text.MX_ADC3_Init:0000000000000000 MX_ADC3_Init
     /tmp/cc1uHzUf.s:389    .text.MX_ADC3_Init:0000000000000064 $d
     /tmp/cc1uHzUf.s:396    .text.HAL_ADC_MspInit:0000000000000000 $t
     /tmp/cc1uHzUf.s:402    .text.HAL_ADC_MspInit:0000000000000000 HAL_ADC_MspInit
     /tmp/cc1uHzUf.s:616    .text.HAL_ADC_MspInit:00000000000000e4 $d
     /tmp/cc1uHzUf.s:626    .text.HAL_ADC_MspDeInit:0000000000000000 $t
     /tmp/cc1uHzUf.s:632    .text.HAL_ADC_MspDeInit:0000000000000000 HAL_ADC_MspDeInit
     /tmp/cc1uHzUf.s:715    .text.HAL_ADC_MspDeInit:0000000000000058 $d
     /tmp/cc1uHzUf.s:746    .bss.hadc3:0000000000000000 hadc3
     /tmp/cc1uHzUf.s:739    .bss.hadc2:0000000000000000 hadc2
     /tmp/cc1uHzUf.s:732    .bss.hadc1:0000000000000000 hadc1
     /tmp/cc1uHzUf.s:728    .bss.hadc1:0000000000000000 $d
     /tmp/cc1uHzUf.s:735    .bss.hadc2:0000000000000000 $d
     /tmp/cc1uHzUf.s:742    .bss.hadc3:0000000000000000 $d

UNDEFINED SYMBOLS
HAL_ADC_Init
HAL_ADC_ConfigChannel
Error_Handler
HAL_GPIO_Init
HAL_GPIO_DeInit
