ARM GAS  /tmp/cc8GwCw0.s 			page 1


   1              		.cpu cortex-m4
   2              		.arch armv7e-m
   3              		.fpu fpv4-sp-d16
   4              		.eabi_attribute 27, 1
   5              		.eabi_attribute 28, 1
   6              		.eabi_attribute 20, 1
   7              		.eabi_attribute 21, 1
   8              		.eabi_attribute 23, 3
   9              		.eabi_attribute 24, 1
  10              		.eabi_attribute 25, 1
  11              		.eabi_attribute 26, 1
  12              		.eabi_attribute 30, 1
  13              		.eabi_attribute 34, 1
  14              		.eabi_attribute 18, 4
  15              		.file	"gpio.c"
  16              		.text
  17              	.Ltext0:
  18              		.cfi_sections	.debug_frame
  19              		.section	.text.MX_GPIO_Init,"ax",%progbits
  20              		.align	1
  21              		.global	MX_GPIO_Init
  22              		.syntax unified
  23              		.thumb
  24              		.thumb_func
  26              	MX_GPIO_Init:
  27              	.LFB235:
  28              		.file 1 "Core/Src/gpio.c"
   1:Core/Src/gpio.c **** /* USER CODE BEGIN Header */
   2:Core/Src/gpio.c **** /**
   3:Core/Src/gpio.c ****   ******************************************************************************
   4:Core/Src/gpio.c ****   * @file    gpio.c
   5:Core/Src/gpio.c ****   * @brief   This file provides code for the configuration
   6:Core/Src/gpio.c ****   *          of all used GPIO pins.
   7:Core/Src/gpio.c ****   ******************************************************************************
   8:Core/Src/gpio.c ****   * @attention
   9:Core/Src/gpio.c ****   *
  10:Core/Src/gpio.c ****   * Copyright (c) 2024 STMicroelectronics.
  11:Core/Src/gpio.c ****   * All rights reserved.
  12:Core/Src/gpio.c ****   *
  13:Core/Src/gpio.c ****   * This software is licensed under terms that can be found in the LICENSE file
  14:Core/Src/gpio.c ****   * in the root directory of this software component.
  15:Core/Src/gpio.c ****   * If no LICENSE file comes with this software, it is provided AS-IS.
  16:Core/Src/gpio.c ****   *
  17:Core/Src/gpio.c ****   ******************************************************************************
  18:Core/Src/gpio.c ****   */
  19:Core/Src/gpio.c **** /* USER CODE END Header */
  20:Core/Src/gpio.c **** 
  21:Core/Src/gpio.c **** /* Includes ------------------------------------------------------------------*/
  22:Core/Src/gpio.c **** #include "gpio.h"
  23:Core/Src/gpio.c **** 
  24:Core/Src/gpio.c **** /* USER CODE BEGIN 0 */
  25:Core/Src/gpio.c **** 
  26:Core/Src/gpio.c **** /* USER CODE END 0 */
  27:Core/Src/gpio.c **** 
  28:Core/Src/gpio.c **** /*----------------------------------------------------------------------------*/
  29:Core/Src/gpio.c **** /* Configure GPIO                                                             */
  30:Core/Src/gpio.c **** /*----------------------------------------------------------------------------*/
ARM GAS  /tmp/cc8GwCw0.s 			page 2


  31:Core/Src/gpio.c **** /* USER CODE BEGIN 1 */
  32:Core/Src/gpio.c **** 
  33:Core/Src/gpio.c **** /* USER CODE END 1 */
  34:Core/Src/gpio.c **** 
  35:Core/Src/gpio.c **** /** Configure pins as
  36:Core/Src/gpio.c ****         * Analog
  37:Core/Src/gpio.c ****         * Input
  38:Core/Src/gpio.c ****         * Output
  39:Core/Src/gpio.c ****         * EVENT_OUT
  40:Core/Src/gpio.c ****         * EXTI
  41:Core/Src/gpio.c ****      PC3   ------> I2S2_SD
  42:Core/Src/gpio.c ****      PA4   ------> I2S3_WS
  43:Core/Src/gpio.c ****      PA5   ------> SPI1_SCK
  44:Core/Src/gpio.c ****      PA6   ------> SPI1_MISO
  45:Core/Src/gpio.c ****      PA7   ------> SPI1_MOSI
  46:Core/Src/gpio.c ****      PB10   ------> I2S2_CK
  47:Core/Src/gpio.c ****      PC7   ------> I2S3_MCK
  48:Core/Src/gpio.c ****      PA9   ------> USB_OTG_FS_VBUS
  49:Core/Src/gpio.c ****      PA10   ------> USB_OTG_FS_ID
  50:Core/Src/gpio.c ****      PA11   ------> USB_OTG_FS_DM
  51:Core/Src/gpio.c ****      PA12   ------> USB_OTG_FS_DP
  52:Core/Src/gpio.c ****      PC10   ------> I2S3_CK
  53:Core/Src/gpio.c ****      PC12   ------> I2S3_SD
  54:Core/Src/gpio.c ****      PB6   ------> I2C1_SCL
  55:Core/Src/gpio.c ****      PB9   ------> I2C1_SDA
  56:Core/Src/gpio.c **** */
  57:Core/Src/gpio.c **** void MX_GPIO_Init(void)
  58:Core/Src/gpio.c **** {
  29              		.loc 1 58 1 view -0
  30              		.cfi_startproc
  31              		@ args = 0, pretend = 0, frame = 48
  32              		@ frame_needed = 0, uses_anonymous_args = 0
  33 0000 2DE9F04F 		push	{r4, r5, r6, r7, r8, r9, r10, fp, lr}
  34              	.LCFI0:
  35              		.cfi_def_cfa_offset 36
  36              		.cfi_offset 4, -36
  37              		.cfi_offset 5, -32
  38              		.cfi_offset 6, -28
  39              		.cfi_offset 7, -24
  40              		.cfi_offset 8, -20
  41              		.cfi_offset 9, -16
  42              		.cfi_offset 10, -12
  43              		.cfi_offset 11, -8
  44              		.cfi_offset 14, -4
  45 0004 8DB0     		sub	sp, sp, #52
  46              	.LCFI1:
  47              		.cfi_def_cfa_offset 88
  59:Core/Src/gpio.c **** 
  60:Core/Src/gpio.c ****   GPIO_InitTypeDef GPIO_InitStruct = {0};
  48              		.loc 1 60 3 view .LVU1
  49              		.loc 1 60 20 is_stmt 0 view .LVU2
  50 0006 0024     		movs	r4, #0
  51 0008 0794     		str	r4, [sp, #28]
  52 000a 0894     		str	r4, [sp, #32]
  53 000c 0994     		str	r4, [sp, #36]
  54 000e 0A94     		str	r4, [sp, #40]
  55 0010 0B94     		str	r4, [sp, #44]
ARM GAS  /tmp/cc8GwCw0.s 			page 3


  61:Core/Src/gpio.c **** 
  62:Core/Src/gpio.c ****   /* GPIO Ports Clock Enable */
  63:Core/Src/gpio.c ****   __HAL_RCC_GPIOE_CLK_ENABLE();
  56              		.loc 1 63 3 is_stmt 1 view .LVU3
  57              	.LBB2:
  58              		.loc 1 63 3 view .LVU4
  59 0012 0194     		str	r4, [sp, #4]
  60              		.loc 1 63 3 view .LVU5
  61 0014 794B     		ldr	r3, .L3
  62 0016 1A6B     		ldr	r2, [r3, #48]
  63 0018 42F01002 		orr	r2, r2, #16
  64 001c 1A63     		str	r2, [r3, #48]
  65              		.loc 1 63 3 view .LVU6
  66 001e 1A6B     		ldr	r2, [r3, #48]
  67 0020 02F01002 		and	r2, r2, #16
  68 0024 0192     		str	r2, [sp, #4]
  69              		.loc 1 63 3 view .LVU7
  70 0026 019A     		ldr	r2, [sp, #4]
  71              	.LBE2:
  72              		.loc 1 63 3 view .LVU8
  64:Core/Src/gpio.c ****   __HAL_RCC_GPIOC_CLK_ENABLE();
  73              		.loc 1 64 3 view .LVU9
  74              	.LBB3:
  75              		.loc 1 64 3 view .LVU10
  76 0028 0294     		str	r4, [sp, #8]
  77              		.loc 1 64 3 view .LVU11
  78 002a 1A6B     		ldr	r2, [r3, #48]
  79 002c 42F00402 		orr	r2, r2, #4
  80 0030 1A63     		str	r2, [r3, #48]
  81              		.loc 1 64 3 view .LVU12
  82 0032 1A6B     		ldr	r2, [r3, #48]
  83 0034 02F00402 		and	r2, r2, #4
  84 0038 0292     		str	r2, [sp, #8]
  85              		.loc 1 64 3 view .LVU13
  86 003a 029A     		ldr	r2, [sp, #8]
  87              	.LBE3:
  88              		.loc 1 64 3 view .LVU14
  65:Core/Src/gpio.c ****   __HAL_RCC_GPIOH_CLK_ENABLE();
  89              		.loc 1 65 3 view .LVU15
  90              	.LBB4:
  91              		.loc 1 65 3 view .LVU16
  92 003c 0394     		str	r4, [sp, #12]
  93              		.loc 1 65 3 view .LVU17
  94 003e 1A6B     		ldr	r2, [r3, #48]
  95 0040 42F08002 		orr	r2, r2, #128
  96 0044 1A63     		str	r2, [r3, #48]
  97              		.loc 1 65 3 view .LVU18
  98 0046 1A6B     		ldr	r2, [r3, #48]
  99 0048 02F08002 		and	r2, r2, #128
 100 004c 0392     		str	r2, [sp, #12]
 101              		.loc 1 65 3 view .LVU19
 102 004e 039A     		ldr	r2, [sp, #12]
 103              	.LBE4:
 104              		.loc 1 65 3 view .LVU20
  66:Core/Src/gpio.c ****   __HAL_RCC_GPIOA_CLK_ENABLE();
 105              		.loc 1 66 3 view .LVU21
 106              	.LBB5:
ARM GAS  /tmp/cc8GwCw0.s 			page 4


 107              		.loc 1 66 3 view .LVU22
 108 0050 0494     		str	r4, [sp, #16]
 109              		.loc 1 66 3 view .LVU23
 110 0052 1A6B     		ldr	r2, [r3, #48]
 111 0054 42F00102 		orr	r2, r2, #1
 112 0058 1A63     		str	r2, [r3, #48]
 113              		.loc 1 66 3 view .LVU24
 114 005a 1A6B     		ldr	r2, [r3, #48]
 115 005c 02F00102 		and	r2, r2, #1
 116 0060 0492     		str	r2, [sp, #16]
 117              		.loc 1 66 3 view .LVU25
 118 0062 049A     		ldr	r2, [sp, #16]
 119              	.LBE5:
 120              		.loc 1 66 3 view .LVU26
  67:Core/Src/gpio.c ****   __HAL_RCC_GPIOB_CLK_ENABLE();
 121              		.loc 1 67 3 view .LVU27
 122              	.LBB6:
 123              		.loc 1 67 3 view .LVU28
 124 0064 0594     		str	r4, [sp, #20]
 125              		.loc 1 67 3 view .LVU29
 126 0066 1A6B     		ldr	r2, [r3, #48]
 127 0068 42F00202 		orr	r2, r2, #2
 128 006c 1A63     		str	r2, [r3, #48]
 129              		.loc 1 67 3 view .LVU30
 130 006e 1A6B     		ldr	r2, [r3, #48]
 131 0070 02F00202 		and	r2, r2, #2
 132 0074 0592     		str	r2, [sp, #20]
 133              		.loc 1 67 3 view .LVU31
 134 0076 059A     		ldr	r2, [sp, #20]
 135              	.LBE6:
 136              		.loc 1 67 3 view .LVU32
  68:Core/Src/gpio.c ****   __HAL_RCC_GPIOD_CLK_ENABLE();
 137              		.loc 1 68 3 view .LVU33
 138              	.LBB7:
 139              		.loc 1 68 3 view .LVU34
 140 0078 0694     		str	r4, [sp, #24]
 141              		.loc 1 68 3 view .LVU35
 142 007a 1A6B     		ldr	r2, [r3, #48]
 143 007c 42F00802 		orr	r2, r2, #8
 144 0080 1A63     		str	r2, [r3, #48]
 145              		.loc 1 68 3 view .LVU36
 146 0082 1B6B     		ldr	r3, [r3, #48]
 147 0084 03F00803 		and	r3, r3, #8
 148 0088 0693     		str	r3, [sp, #24]
 149              		.loc 1 68 3 view .LVU37
 150 008a 069B     		ldr	r3, [sp, #24]
 151              	.LBE7:
 152              		.loc 1 68 3 view .LVU38
  69:Core/Src/gpio.c **** 
  70:Core/Src/gpio.c ****   /*Configure GPIO pin Output Level */
  71:Core/Src/gpio.c ****   HAL_GPIO_WritePin(GPIOE, CS_I2C_SPI_Pin|M1_S0_Pin|M1_S1_Pin|M1_S2_Pin
 153              		.loc 1 71 3 view .LVU39
 154 008c 2246     		mov	r2, r4
 155 008e 4FF68871 		movw	r1, #65416
 156 0092 5B48     		ldr	r0, .L3+4
 157 0094 FFF7FEFF 		bl	HAL_GPIO_WritePin
 158              	.LVL0:
ARM GAS  /tmp/cc8GwCw0.s 			page 5


  72:Core/Src/gpio.c ****                           |M2_S0_Pin|M2_S1_Pin|M2_S2_Pin|M3_S0_Pin
  73:Core/Src/gpio.c ****                           |M3_S1_Pin|M3_S2_Pin, GPIO_PIN_RESET);
  74:Core/Src/gpio.c **** 
  75:Core/Src/gpio.c ****   /*Configure GPIO pin Output Level */
  76:Core/Src/gpio.c ****   HAL_GPIO_WritePin(OTG_FS_PowerSwitchOn_GPIO_Port, OTG_FS_PowerSwitchOn_Pin, GPIO_PIN_SET);
 159              		.loc 1 76 3 view .LVU40
 160 0098 DFF86C81 		ldr	r8, .L3+12
 161 009c 0122     		movs	r2, #1
 162 009e 1146     		mov	r1, r2
 163 00a0 4046     		mov	r0, r8
 164 00a2 FFF7FEFF 		bl	HAL_GPIO_WritePin
 165              	.LVL1:
  77:Core/Src/gpio.c **** 
  78:Core/Src/gpio.c ****   /*Configure GPIO pin Output Level */
  79:Core/Src/gpio.c ****   HAL_GPIO_WritePin(GPIOD, LD4_Pin|LD3_Pin|LD5_Pin|LD6_Pin
 166              		.loc 1 79 3 view .LVU41
 167 00a6 DFF864B1 		ldr	fp, .L3+16
 168 00aa 2246     		mov	r2, r4
 169 00ac 4FF21001 		movw	r1, #61456
 170 00b0 5846     		mov	r0, fp
 171 00b2 FFF7FEFF 		bl	HAL_GPIO_WritePin
 172              	.LVL2:
  80:Core/Src/gpio.c ****                           |Audio_RST_Pin, GPIO_PIN_RESET);
  81:Core/Src/gpio.c **** 
  82:Core/Src/gpio.c ****   /*Configure GPIO pins : PEPin PEPin PEPin PEPin
  83:Core/Src/gpio.c ****                            PEPin PEPin PEPin PEPin
  84:Core/Src/gpio.c ****                            PEPin PEPin */
  85:Core/Src/gpio.c ****   GPIO_InitStruct.Pin = CS_I2C_SPI_Pin|M1_S0_Pin|M1_S1_Pin|M1_S2_Pin
 173              		.loc 1 85 3 view .LVU42
 174              		.loc 1 85 23 is_stmt 0 view .LVU43
 175 00b6 4FF68873 		movw	r3, #65416
 176 00ba 0793     		str	r3, [sp, #28]
  86:Core/Src/gpio.c ****                           |M2_S0_Pin|M2_S1_Pin|M2_S2_Pin|M3_S0_Pin
  87:Core/Src/gpio.c ****                           |M3_S1_Pin|M3_S2_Pin;
  88:Core/Src/gpio.c ****   GPIO_InitStruct.Mode = GPIO_MODE_OUTPUT_PP;
 177              		.loc 1 88 3 is_stmt 1 view .LVU44
 178              		.loc 1 88 24 is_stmt 0 view .LVU45
 179 00bc 0127     		movs	r7, #1
 180 00be 0897     		str	r7, [sp, #32]
  89:Core/Src/gpio.c ****   GPIO_InitStruct.Pull = GPIO_NOPULL;
 181              		.loc 1 89 3 is_stmt 1 view .LVU46
 182              		.loc 1 89 24 is_stmt 0 view .LVU47
 183 00c0 0994     		str	r4, [sp, #36]
  90:Core/Src/gpio.c ****   GPIO_InitStruct.Speed = GPIO_SPEED_FREQ_LOW;
 184              		.loc 1 90 3 is_stmt 1 view .LVU48
 185              		.loc 1 90 25 is_stmt 0 view .LVU49
 186 00c2 0A94     		str	r4, [sp, #40]
  91:Core/Src/gpio.c ****   HAL_GPIO_Init(GPIOE, &GPIO_InitStruct);
 187              		.loc 1 91 3 is_stmt 1 view .LVU50
 188 00c4 07A9     		add	r1, sp, #28
 189 00c6 4E48     		ldr	r0, .L3+4
 190 00c8 FFF7FEFF 		bl	HAL_GPIO_Init
 191              	.LVL3:
  92:Core/Src/gpio.c **** 
  93:Core/Src/gpio.c ****   /*Configure GPIO pin : PtPin */
  94:Core/Src/gpio.c ****   GPIO_InitStruct.Pin = OTG_FS_PowerSwitchOn_Pin;
 192              		.loc 1 94 3 view .LVU51
ARM GAS  /tmp/cc8GwCw0.s 			page 6


 193              		.loc 1 94 23 is_stmt 0 view .LVU52
 194 00cc 0797     		str	r7, [sp, #28]
  95:Core/Src/gpio.c ****   GPIO_InitStruct.Mode = GPIO_MODE_OUTPUT_PP;
 195              		.loc 1 95 3 is_stmt 1 view .LVU53
 196              		.loc 1 95 24 is_stmt 0 view .LVU54
 197 00ce 0897     		str	r7, [sp, #32]
  96:Core/Src/gpio.c ****   GPIO_InitStruct.Pull = GPIO_NOPULL;
 198              		.loc 1 96 3 is_stmt 1 view .LVU55
 199              		.loc 1 96 24 is_stmt 0 view .LVU56
 200 00d0 0994     		str	r4, [sp, #36]
  97:Core/Src/gpio.c ****   GPIO_InitStruct.Speed = GPIO_SPEED_FREQ_LOW;
 201              		.loc 1 97 3 is_stmt 1 view .LVU57
 202              		.loc 1 97 25 is_stmt 0 view .LVU58
 203 00d2 0A94     		str	r4, [sp, #40]
  98:Core/Src/gpio.c ****   HAL_GPIO_Init(OTG_FS_PowerSwitchOn_GPIO_Port, &GPIO_InitStruct);
 204              		.loc 1 98 3 is_stmt 1 view .LVU59
 205 00d4 07A9     		add	r1, sp, #28
 206 00d6 4046     		mov	r0, r8
 207 00d8 FFF7FEFF 		bl	HAL_GPIO_Init
 208              	.LVL4:
  99:Core/Src/gpio.c **** 
 100:Core/Src/gpio.c ****   /*Configure GPIO pin : PtPin */
 101:Core/Src/gpio.c ****   GPIO_InitStruct.Pin = PDM_OUT_Pin;
 209              		.loc 1 101 3 view .LVU60
 210              		.loc 1 101 23 is_stmt 0 view .LVU61
 211 00dc 0823     		movs	r3, #8
 212 00de 0793     		str	r3, [sp, #28]
 102:Core/Src/gpio.c ****   GPIO_InitStruct.Mode = GPIO_MODE_AF_PP;
 213              		.loc 1 102 3 is_stmt 1 view .LVU62
 214              		.loc 1 102 24 is_stmt 0 view .LVU63
 215 00e0 0225     		movs	r5, #2
 216 00e2 0895     		str	r5, [sp, #32]
 103:Core/Src/gpio.c ****   GPIO_InitStruct.Pull = GPIO_NOPULL;
 217              		.loc 1 103 3 is_stmt 1 view .LVU64
 218              		.loc 1 103 24 is_stmt 0 view .LVU65
 219 00e4 0994     		str	r4, [sp, #36]
 104:Core/Src/gpio.c ****   GPIO_InitStruct.Speed = GPIO_SPEED_FREQ_LOW;
 220              		.loc 1 104 3 is_stmt 1 view .LVU66
 221              		.loc 1 104 25 is_stmt 0 view .LVU67
 222 00e6 0A94     		str	r4, [sp, #40]
 105:Core/Src/gpio.c ****   GPIO_InitStruct.Alternate = GPIO_AF5_SPI2;
 223              		.loc 1 105 3 is_stmt 1 view .LVU68
 224              		.loc 1 105 29 is_stmt 0 view .LVU69
 225 00e8 4FF00509 		mov	r9, #5
 226 00ec CDF82C90 		str	r9, [sp, #44]
 106:Core/Src/gpio.c ****   HAL_GPIO_Init(PDM_OUT_GPIO_Port, &GPIO_InitStruct);
 227              		.loc 1 106 3 is_stmt 1 view .LVU70
 228 00f0 07A9     		add	r1, sp, #28
 229 00f2 4046     		mov	r0, r8
 230 00f4 FFF7FEFF 		bl	HAL_GPIO_Init
 231              	.LVL5:
 107:Core/Src/gpio.c **** 
 108:Core/Src/gpio.c ****   /*Configure GPIO pin : PtPin */
 109:Core/Src/gpio.c ****   GPIO_InitStruct.Pin = B1_Pin;
 232              		.loc 1 109 3 view .LVU71
 233              		.loc 1 109 23 is_stmt 0 view .LVU72
 234 00f8 0797     		str	r7, [sp, #28]
ARM GAS  /tmp/cc8GwCw0.s 			page 7


 110:Core/Src/gpio.c ****   GPIO_InitStruct.Mode = GPIO_MODE_IT_RISING;
 235              		.loc 1 110 3 is_stmt 1 view .LVU73
 236              		.loc 1 110 24 is_stmt 0 view .LVU74
 237 00fa 4FF48813 		mov	r3, #1114112
 238 00fe 0893     		str	r3, [sp, #32]
 111:Core/Src/gpio.c ****   GPIO_InitStruct.Pull = GPIO_NOPULL;
 239              		.loc 1 111 3 is_stmt 1 view .LVU75
 240              		.loc 1 111 24 is_stmt 0 view .LVU76
 241 0100 0994     		str	r4, [sp, #36]
 112:Core/Src/gpio.c ****   HAL_GPIO_Init(B1_GPIO_Port, &GPIO_InitStruct);
 242              		.loc 1 112 3 is_stmt 1 view .LVU77
 243 0102 404E     		ldr	r6, .L3+8
 244 0104 07A9     		add	r1, sp, #28
 245 0106 3046     		mov	r0, r6
 246 0108 FFF7FEFF 		bl	HAL_GPIO_Init
 247              	.LVL6:
 113:Core/Src/gpio.c **** 
 114:Core/Src/gpio.c ****   /*Configure GPIO pin : PtPin */
 115:Core/Src/gpio.c ****   GPIO_InitStruct.Pin = I2S3_WS_Pin;
 248              		.loc 1 115 3 view .LVU78
 249              		.loc 1 115 23 is_stmt 0 view .LVU79
 250 010c 1023     		movs	r3, #16
 251 010e 0793     		str	r3, [sp, #28]
 116:Core/Src/gpio.c ****   GPIO_InitStruct.Mode = GPIO_MODE_AF_PP;
 252              		.loc 1 116 3 is_stmt 1 view .LVU80
 253              		.loc 1 116 24 is_stmt 0 view .LVU81
 254 0110 0895     		str	r5, [sp, #32]
 117:Core/Src/gpio.c ****   GPIO_InitStruct.Pull = GPIO_NOPULL;
 255              		.loc 1 117 3 is_stmt 1 view .LVU82
 256              		.loc 1 117 24 is_stmt 0 view .LVU83
 257 0112 0994     		str	r4, [sp, #36]
 118:Core/Src/gpio.c ****   GPIO_InitStruct.Speed = GPIO_SPEED_FREQ_LOW;
 258              		.loc 1 118 3 is_stmt 1 view .LVU84
 259              		.loc 1 118 25 is_stmt 0 view .LVU85
 260 0114 0A94     		str	r4, [sp, #40]
 119:Core/Src/gpio.c ****   GPIO_InitStruct.Alternate = GPIO_AF6_SPI3;
 261              		.loc 1 119 3 is_stmt 1 view .LVU86
 262              		.loc 1 119 29 is_stmt 0 view .LVU87
 263 0116 0623     		movs	r3, #6
 264 0118 0B93     		str	r3, [sp, #44]
 120:Core/Src/gpio.c ****   HAL_GPIO_Init(I2S3_WS_GPIO_Port, &GPIO_InitStruct);
 265              		.loc 1 120 3 is_stmt 1 view .LVU88
 266 011a 07A9     		add	r1, sp, #28
 267 011c 3046     		mov	r0, r6
 268 011e FFF7FEFF 		bl	HAL_GPIO_Init
 269              	.LVL7:
 121:Core/Src/gpio.c **** 
 122:Core/Src/gpio.c ****   /*Configure GPIO pins : PAPin PAPin PAPin */
 123:Core/Src/gpio.c ****   GPIO_InitStruct.Pin = SPI1_SCK_Pin|SPI1_MISO_Pin|SPI1_MOSI_Pin;
 270              		.loc 1 123 3 view .LVU89
 271              		.loc 1 123 23 is_stmt 0 view .LVU90
 272 0122 E023     		movs	r3, #224
 273 0124 0793     		str	r3, [sp, #28]
 124:Core/Src/gpio.c ****   GPIO_InitStruct.Mode = GPIO_MODE_AF_PP;
 274              		.loc 1 124 3 is_stmt 1 view .LVU91
 275              		.loc 1 124 24 is_stmt 0 view .LVU92
 276 0126 0895     		str	r5, [sp, #32]
ARM GAS  /tmp/cc8GwCw0.s 			page 8


 125:Core/Src/gpio.c ****   GPIO_InitStruct.Pull = GPIO_NOPULL;
 277              		.loc 1 125 3 is_stmt 1 view .LVU93
 278              		.loc 1 125 24 is_stmt 0 view .LVU94
 279 0128 0994     		str	r4, [sp, #36]
 126:Core/Src/gpio.c ****   GPIO_InitStruct.Speed = GPIO_SPEED_FREQ_LOW;
 280              		.loc 1 126 3 is_stmt 1 view .LVU95
 281              		.loc 1 126 25 is_stmt 0 view .LVU96
 282 012a 0A94     		str	r4, [sp, #40]
 127:Core/Src/gpio.c ****   GPIO_InitStruct.Alternate = GPIO_AF5_SPI1;
 283              		.loc 1 127 3 is_stmt 1 view .LVU97
 284              		.loc 1 127 29 is_stmt 0 view .LVU98
 285 012c CDF82C90 		str	r9, [sp, #44]
 128:Core/Src/gpio.c ****   HAL_GPIO_Init(GPIOA, &GPIO_InitStruct);
 286              		.loc 1 128 3 is_stmt 1 view .LVU99
 287 0130 07A9     		add	r1, sp, #28
 288 0132 3046     		mov	r0, r6
 289 0134 FFF7FEFF 		bl	HAL_GPIO_Init
 290              	.LVL8:
 129:Core/Src/gpio.c **** 
 130:Core/Src/gpio.c ****   /*Configure GPIO pin : PtPin */
 131:Core/Src/gpio.c ****   GPIO_InitStruct.Pin = BOOT1_Pin;
 291              		.loc 1 131 3 view .LVU100
 292              		.loc 1 131 23 is_stmt 0 view .LVU101
 293 0138 0423     		movs	r3, #4
 294 013a 0793     		str	r3, [sp, #28]
 132:Core/Src/gpio.c ****   GPIO_InitStruct.Mode = GPIO_MODE_INPUT;
 295              		.loc 1 132 3 is_stmt 1 view .LVU102
 296              		.loc 1 132 24 is_stmt 0 view .LVU103
 297 013c 0894     		str	r4, [sp, #32]
 133:Core/Src/gpio.c ****   GPIO_InitStruct.Pull = GPIO_NOPULL;
 298              		.loc 1 133 3 is_stmt 1 view .LVU104
 299              		.loc 1 133 24 is_stmt 0 view .LVU105
 300 013e 0994     		str	r4, [sp, #36]
 134:Core/Src/gpio.c ****   HAL_GPIO_Init(BOOT1_GPIO_Port, &GPIO_InitStruct);
 301              		.loc 1 134 3 is_stmt 1 view .LVU106
 302 0140 DFF8CCA0 		ldr	r10, .L3+20
 303 0144 07A9     		add	r1, sp, #28
 304 0146 5046     		mov	r0, r10
 305 0148 FFF7FEFF 		bl	HAL_GPIO_Init
 306              	.LVL9:
 135:Core/Src/gpio.c **** 
 136:Core/Src/gpio.c ****   /*Configure GPIO pin : PtPin */
 137:Core/Src/gpio.c ****   GPIO_InitStruct.Pin = CLK_IN_Pin;
 307              		.loc 1 137 3 view .LVU107
 308              		.loc 1 137 23 is_stmt 0 view .LVU108
 309 014c 4FF48063 		mov	r3, #1024
 310 0150 0793     		str	r3, [sp, #28]
 138:Core/Src/gpio.c ****   GPIO_InitStruct.Mode = GPIO_MODE_AF_PP;
 311              		.loc 1 138 3 is_stmt 1 view .LVU109
 312              		.loc 1 138 24 is_stmt 0 view .LVU110
 313 0152 0895     		str	r5, [sp, #32]
 139:Core/Src/gpio.c ****   GPIO_InitStruct.Pull = GPIO_NOPULL;
 314              		.loc 1 139 3 is_stmt 1 view .LVU111
 315              		.loc 1 139 24 is_stmt 0 view .LVU112
 316 0154 0994     		str	r4, [sp, #36]
 140:Core/Src/gpio.c ****   GPIO_InitStruct.Speed = GPIO_SPEED_FREQ_LOW;
 317              		.loc 1 140 3 is_stmt 1 view .LVU113
ARM GAS  /tmp/cc8GwCw0.s 			page 9


 318              		.loc 1 140 25 is_stmt 0 view .LVU114
 319 0156 0A94     		str	r4, [sp, #40]
 141:Core/Src/gpio.c ****   GPIO_InitStruct.Alternate = GPIO_AF5_SPI2;
 320              		.loc 1 141 3 is_stmt 1 view .LVU115
 321              		.loc 1 141 29 is_stmt 0 view .LVU116
 322 0158 CDF82C90 		str	r9, [sp, #44]
 142:Core/Src/gpio.c ****   HAL_GPIO_Init(CLK_IN_GPIO_Port, &GPIO_InitStruct);
 323              		.loc 1 142 3 is_stmt 1 view .LVU117
 324 015c 07A9     		add	r1, sp, #28
 325 015e 5046     		mov	r0, r10
 326 0160 FFF7FEFF 		bl	HAL_GPIO_Init
 327              	.LVL10:
 143:Core/Src/gpio.c **** 
 144:Core/Src/gpio.c ****   /*Configure GPIO pins : PDPin PDPin PDPin PDPin
 145:Core/Src/gpio.c ****                            PDPin */
 146:Core/Src/gpio.c ****   GPIO_InitStruct.Pin = LD4_Pin|LD3_Pin|LD5_Pin|LD6_Pin
 328              		.loc 1 146 3 view .LVU118
 329              		.loc 1 146 23 is_stmt 0 view .LVU119
 330 0164 4FF21003 		movw	r3, #61456
 331 0168 0793     		str	r3, [sp, #28]
 147:Core/Src/gpio.c ****                           |Audio_RST_Pin;
 148:Core/Src/gpio.c ****   GPIO_InitStruct.Mode = GPIO_MODE_OUTPUT_PP;
 332              		.loc 1 148 3 is_stmt 1 view .LVU120
 333              		.loc 1 148 24 is_stmt 0 view .LVU121
 334 016a 0897     		str	r7, [sp, #32]
 149:Core/Src/gpio.c ****   GPIO_InitStruct.Pull = GPIO_NOPULL;
 335              		.loc 1 149 3 is_stmt 1 view .LVU122
 336              		.loc 1 149 24 is_stmt 0 view .LVU123
 337 016c 0994     		str	r4, [sp, #36]
 150:Core/Src/gpio.c ****   GPIO_InitStruct.Speed = GPIO_SPEED_FREQ_LOW;
 338              		.loc 1 150 3 is_stmt 1 view .LVU124
 339              		.loc 1 150 25 is_stmt 0 view .LVU125
 340 016e 0A94     		str	r4, [sp, #40]
 151:Core/Src/gpio.c ****   HAL_GPIO_Init(GPIOD, &GPIO_InitStruct);
 341              		.loc 1 151 3 is_stmt 1 view .LVU126
 342 0170 07A9     		add	r1, sp, #28
 343 0172 5846     		mov	r0, fp
 344 0174 FFF7FEFF 		bl	HAL_GPIO_Init
 345              	.LVL11:
 152:Core/Src/gpio.c **** 
 153:Core/Src/gpio.c ****   /*Configure GPIO pins : PCPin PCPin PCPin */
 154:Core/Src/gpio.c ****   GPIO_InitStruct.Pin = I2S3_MCK_Pin|I2S3_SCK_Pin|I2S3_SD_Pin;
 346              		.loc 1 154 3 view .LVU127
 347              		.loc 1 154 23 is_stmt 0 view .LVU128
 348 0178 4FF4A453 		mov	r3, #5248
 349 017c 0793     		str	r3, [sp, #28]
 155:Core/Src/gpio.c ****   GPIO_InitStruct.Mode = GPIO_MODE_AF_PP;
 350              		.loc 1 155 3 is_stmt 1 view .LVU129
 351              		.loc 1 155 24 is_stmt 0 view .LVU130
 352 017e 0895     		str	r5, [sp, #32]
 156:Core/Src/gpio.c ****   GPIO_InitStruct.Pull = GPIO_NOPULL;
 353              		.loc 1 156 3 is_stmt 1 view .LVU131
 354              		.loc 1 156 24 is_stmt 0 view .LVU132
 355 0180 0994     		str	r4, [sp, #36]
 157:Core/Src/gpio.c ****   GPIO_InitStruct.Speed = GPIO_SPEED_FREQ_LOW;
 356              		.loc 1 157 3 is_stmt 1 view .LVU133
 357              		.loc 1 157 25 is_stmt 0 view .LVU134
ARM GAS  /tmp/cc8GwCw0.s 			page 10


 358 0182 0A94     		str	r4, [sp, #40]
 158:Core/Src/gpio.c ****   GPIO_InitStruct.Alternate = GPIO_AF6_SPI3;
 359              		.loc 1 158 3 is_stmt 1 view .LVU135
 360              		.loc 1 158 29 is_stmt 0 view .LVU136
 361 0184 0623     		movs	r3, #6
 362 0186 0B93     		str	r3, [sp, #44]
 159:Core/Src/gpio.c ****   HAL_GPIO_Init(GPIOC, &GPIO_InitStruct);
 363              		.loc 1 159 3 is_stmt 1 view .LVU137
 364 0188 07A9     		add	r1, sp, #28
 365 018a 4046     		mov	r0, r8
 366 018c FFF7FEFF 		bl	HAL_GPIO_Init
 367              	.LVL12:
 160:Core/Src/gpio.c **** 
 161:Core/Src/gpio.c ****   /*Configure GPIO pin : PtPin */
 162:Core/Src/gpio.c ****   GPIO_InitStruct.Pin = VBUS_FS_Pin;
 368              		.loc 1 162 3 view .LVU138
 369              		.loc 1 162 23 is_stmt 0 view .LVU139
 370 0190 4FF40073 		mov	r3, #512
 371 0194 0793     		str	r3, [sp, #28]
 163:Core/Src/gpio.c ****   GPIO_InitStruct.Mode = GPIO_MODE_INPUT;
 372              		.loc 1 163 3 is_stmt 1 view .LVU140
 373              		.loc 1 163 24 is_stmt 0 view .LVU141
 374 0196 0894     		str	r4, [sp, #32]
 164:Core/Src/gpio.c ****   GPIO_InitStruct.Pull = GPIO_NOPULL;
 375              		.loc 1 164 3 is_stmt 1 view .LVU142
 376              		.loc 1 164 24 is_stmt 0 view .LVU143
 377 0198 0994     		str	r4, [sp, #36]
 165:Core/Src/gpio.c ****   HAL_GPIO_Init(VBUS_FS_GPIO_Port, &GPIO_InitStruct);
 378              		.loc 1 165 3 is_stmt 1 view .LVU144
 379 019a 07A9     		add	r1, sp, #28
 380 019c 3046     		mov	r0, r6
 381 019e FFF7FEFF 		bl	HAL_GPIO_Init
 382              	.LVL13:
 166:Core/Src/gpio.c **** 
 167:Core/Src/gpio.c ****   /*Configure GPIO pins : PAPin PAPin PAPin */
 168:Core/Src/gpio.c ****   GPIO_InitStruct.Pin = OTG_FS_ID_Pin|OTG_FS_DM_Pin|OTG_FS_DP_Pin;
 383              		.loc 1 168 3 view .LVU145
 384              		.loc 1 168 23 is_stmt 0 view .LVU146
 385 01a2 4FF4E053 		mov	r3, #7168
 386 01a6 0793     		str	r3, [sp, #28]
 169:Core/Src/gpio.c ****   GPIO_InitStruct.Mode = GPIO_MODE_AF_PP;
 387              		.loc 1 169 3 is_stmt 1 view .LVU147
 388              		.loc 1 169 24 is_stmt 0 view .LVU148
 389 01a8 0895     		str	r5, [sp, #32]
 170:Core/Src/gpio.c ****   GPIO_InitStruct.Pull = GPIO_NOPULL;
 390              		.loc 1 170 3 is_stmt 1 view .LVU149
 391              		.loc 1 170 24 is_stmt 0 view .LVU150
 392 01aa 0994     		str	r4, [sp, #36]
 171:Core/Src/gpio.c ****   GPIO_InitStruct.Speed = GPIO_SPEED_FREQ_LOW;
 393              		.loc 1 171 3 is_stmt 1 view .LVU151
 394              		.loc 1 171 25 is_stmt 0 view .LVU152
 395 01ac 0A94     		str	r4, [sp, #40]
 172:Core/Src/gpio.c ****   GPIO_InitStruct.Alternate = GPIO_AF10_OTG_FS;
 396              		.loc 1 172 3 is_stmt 1 view .LVU153
 397              		.loc 1 172 29 is_stmt 0 view .LVU154
 398 01ae 0A23     		movs	r3, #10
 399 01b0 0B93     		str	r3, [sp, #44]
ARM GAS  /tmp/cc8GwCw0.s 			page 11


 173:Core/Src/gpio.c ****   HAL_GPIO_Init(GPIOA, &GPIO_InitStruct);
 400              		.loc 1 173 3 is_stmt 1 view .LVU155
 401 01b2 07A9     		add	r1, sp, #28
 402 01b4 3046     		mov	r0, r6
 403 01b6 FFF7FEFF 		bl	HAL_GPIO_Init
 404              	.LVL14:
 174:Core/Src/gpio.c **** 
 175:Core/Src/gpio.c ****   /*Configure GPIO pin : PtPin */
 176:Core/Src/gpio.c ****   GPIO_InitStruct.Pin = OTG_FS_OverCurrent_Pin;
 405              		.loc 1 176 3 view .LVU156
 406              		.loc 1 176 23 is_stmt 0 view .LVU157
 407 01ba 2023     		movs	r3, #32
 408 01bc 0793     		str	r3, [sp, #28]
 177:Core/Src/gpio.c ****   GPIO_InitStruct.Mode = GPIO_MODE_INPUT;
 409              		.loc 1 177 3 is_stmt 1 view .LVU158
 410              		.loc 1 177 24 is_stmt 0 view .LVU159
 411 01be 0894     		str	r4, [sp, #32]
 178:Core/Src/gpio.c ****   GPIO_InitStruct.Pull = GPIO_NOPULL;
 412              		.loc 1 178 3 is_stmt 1 view .LVU160
 413              		.loc 1 178 24 is_stmt 0 view .LVU161
 414 01c0 0994     		str	r4, [sp, #36]
 179:Core/Src/gpio.c ****   HAL_GPIO_Init(OTG_FS_OverCurrent_GPIO_Port, &GPIO_InitStruct);
 415              		.loc 1 179 3 is_stmt 1 view .LVU162
 416 01c2 07A9     		add	r1, sp, #28
 417 01c4 5846     		mov	r0, fp
 418 01c6 FFF7FEFF 		bl	HAL_GPIO_Init
 419              	.LVL15:
 180:Core/Src/gpio.c **** 
 181:Core/Src/gpio.c ****   /*Configure GPIO pins : PBPin PBPin */
 182:Core/Src/gpio.c ****   GPIO_InitStruct.Pin = Audio_SCL_Pin|Audio_SDA_Pin;
 420              		.loc 1 182 3 view .LVU163
 421              		.loc 1 182 23 is_stmt 0 view .LVU164
 422 01ca 4FF41073 		mov	r3, #576
 423 01ce 0793     		str	r3, [sp, #28]
 183:Core/Src/gpio.c ****   GPIO_InitStruct.Mode = GPIO_MODE_AF_OD;
 424              		.loc 1 183 3 is_stmt 1 view .LVU165
 425              		.loc 1 183 24 is_stmt 0 view .LVU166
 426 01d0 1223     		movs	r3, #18
 427 01d2 0893     		str	r3, [sp, #32]
 184:Core/Src/gpio.c ****   GPIO_InitStruct.Pull = GPIO_NOPULL;
 428              		.loc 1 184 3 is_stmt 1 view .LVU167
 429              		.loc 1 184 24 is_stmt 0 view .LVU168
 430 01d4 0994     		str	r4, [sp, #36]
 185:Core/Src/gpio.c ****   GPIO_InitStruct.Speed = GPIO_SPEED_FREQ_LOW;
 431              		.loc 1 185 3 is_stmt 1 view .LVU169
 432              		.loc 1 185 25 is_stmt 0 view .LVU170
 433 01d6 0A94     		str	r4, [sp, #40]
 186:Core/Src/gpio.c ****   GPIO_InitStruct.Alternate = GPIO_AF4_I2C1;
 434              		.loc 1 186 3 is_stmt 1 view .LVU171
 435              		.loc 1 186 29 is_stmt 0 view .LVU172
 436 01d8 0423     		movs	r3, #4
 437 01da 0B93     		str	r3, [sp, #44]
 187:Core/Src/gpio.c ****   HAL_GPIO_Init(GPIOB, &GPIO_InitStruct);
 438              		.loc 1 187 3 is_stmt 1 view .LVU173
 439 01dc 07A9     		add	r1, sp, #28
 440 01de 5046     		mov	r0, r10
 441 01e0 FFF7FEFF 		bl	HAL_GPIO_Init
ARM GAS  /tmp/cc8GwCw0.s 			page 12


 442              	.LVL16:
 188:Core/Src/gpio.c **** 
 189:Core/Src/gpio.c ****   /*Configure GPIO pin : PtPin */
 190:Core/Src/gpio.c ****   GPIO_InitStruct.Pin = MEMS_INT2_Pin;
 443              		.loc 1 190 3 view .LVU174
 444              		.loc 1 190 23 is_stmt 0 view .LVU175
 445 01e4 0795     		str	r5, [sp, #28]
 191:Core/Src/gpio.c ****   GPIO_InitStruct.Mode = GPIO_MODE_EVT_RISING;
 446              		.loc 1 191 3 is_stmt 1 view .LVU176
 447              		.loc 1 191 24 is_stmt 0 view .LVU177
 448 01e6 4FF49013 		mov	r3, #1179648
 449 01ea 0893     		str	r3, [sp, #32]
 192:Core/Src/gpio.c ****   GPIO_InitStruct.Pull = GPIO_NOPULL;
 450              		.loc 1 192 3 is_stmt 1 view .LVU178
 451              		.loc 1 192 24 is_stmt 0 view .LVU179
 452 01ec 0994     		str	r4, [sp, #36]
 193:Core/Src/gpio.c ****   HAL_GPIO_Init(MEMS_INT2_GPIO_Port, &GPIO_InitStruct);
 453              		.loc 1 193 3 is_stmt 1 view .LVU180
 454 01ee 07A9     		add	r1, sp, #28
 455 01f0 0348     		ldr	r0, .L3+4
 456 01f2 FFF7FEFF 		bl	HAL_GPIO_Init
 457              	.LVL17:
 194:Core/Src/gpio.c **** 
 195:Core/Src/gpio.c **** }
 458              		.loc 1 195 1 is_stmt 0 view .LVU181
 459 01f6 0DB0     		add	sp, sp, #52
 460              	.LCFI2:
 461              		.cfi_def_cfa_offset 36
 462              		@ sp needed
 463 01f8 BDE8F08F 		pop	{r4, r5, r6, r7, r8, r9, r10, fp, pc}
 464              	.L4:
 465              		.align	2
 466              	.L3:
 467 01fc 00380240 		.word	1073887232
 468 0200 00100240 		.word	1073876992
 469 0204 00000240 		.word	1073872896
 470 0208 00080240 		.word	1073874944
 471 020c 000C0240 		.word	1073875968
 472 0210 00040240 		.word	1073873920
 473              		.cfi_endproc
 474              	.LFE235:
 476              		.text
 477              	.Letext0:
 478              		.file 2 "/opt/st/stm32cubeide_1.13.2/plugins/com.st.stm32cube.ide.mcu.externaltools.gnu-tools-for-
 479              		.file 3 "/opt/st/stm32cubeide_1.13.2/plugins/com.st.stm32cube.ide.mcu.externaltools.gnu-tools-for-
 480              		.file 4 "Drivers/CMSIS/Device/ST/STM32F4xx/Include/stm32f407xx.h"
 481              		.file 5 "Drivers/STM32F4xx_HAL_Driver/Inc/stm32f4xx_hal_gpio.h"
ARM GAS  /tmp/cc8GwCw0.s 			page 13


DEFINED SYMBOLS
                            *ABS*:0000000000000000 gpio.c
     /tmp/cc8GwCw0.s:20     .text.MX_GPIO_Init:0000000000000000 $t
     /tmp/cc8GwCw0.s:26     .text.MX_GPIO_Init:0000000000000000 MX_GPIO_Init
     /tmp/cc8GwCw0.s:467    .text.MX_GPIO_Init:00000000000001fc $d

UNDEFINED SYMBOLS
HAL_GPIO_WritePin
HAL_GPIO_Init
